{"C:\\Users\\s541910\\Projects\\Gdp-2\\intermangaer-ui\\.eslintrc.js": {"path":"C:\\Users\\s541910\\Projects\\Gdp-2\\intermangaer-ui\\.eslintrc.js","statementMap":{"0":{"start":{"line":1,"column":0},"end":{"line":42,"column":2}}},"fnMap":{},"branchMap":{"0":{"loc":{"start":{"line":17,"column":18},"end":{"line":17,"column":72}},"type":"cond-expr","locations":[{"start":{"line":17,"column":58},"end":{"line":17,"column":64}},{"start":{"line":17,"column":67},"end":{"line":17,"column":72}}],"line":17},"1":{"loc":{"start":{"line":18,"column":19},"end":{"line":18,"column":73}},"type":"cond-expr","locations":[{"start":{"line":18,"column":59},"end":{"line":18,"column":65}},{"start":{"line":18,"column":68},"end":{"line":18,"column":73}}],"line":18}},"s":{"0":0},"f":{},"b":{"0":[0,0],"1":[0,0]}}
,"C:\\Users\\s541910\\Projects\\Gdp-2\\intermangaer-ui\\babel.config.js": {"path":"C:\\Users\\s541910\\Projects\\Gdp-2\\intermangaer-ui\\babel.config.js","statementMap":{"0":{"start":{"line":1,"column":0},"end":{"line":6,"column":2}}},"fnMap":{},"branchMap":{},"s":{"0":0},"f":{},"b":{}}
,"C:\\Users\\s541910\\Projects\\Gdp-2\\intermangaer-ui\\jest.config.js": {"path":"C:\\Users\\s541910\\Projects\\Gdp-2\\intermangaer-ui\\jest.config.js","statementMap":{"0":{"start":{"line":1,"column":0},"end":{"line":17,"column":2}}},"fnMap":{},"branchMap":{},"s":{"0":0},"f":{},"b":{}}
,"C:\\Users\\s541910\\Projects\\Gdp-2\\intermangaer-ui\\server.js": {"path":"C:\\Users\\s541910\\Projects\\Gdp-2\\intermangaer-ui\\server.js","statementMap":{"0":{"start":{"line":1,"column":16},"end":{"line":1,"column":34}},"1":{"start":{"line":2,"column":13},"end":{"line":2,"column":37}},"2":{"start":{"line":3,"column":12},"end":{"line":3,"column":21}},"3":{"start":{"line":5,"column":0},"end":{"line":5,"column":46}},"4":{"start":{"line":6,"column":0},"end":{"line":8,"column":3}},"5":{"start":{"line":7,"column":2},"end":{"line":7,"column":47}},"6":{"start":{"line":9,"column":0},"end":{"line":9,"column":17}},"7":{"start":{"line":11,"column":0},"end":{"line":11,"column":46}}},"fnMap":{"0":{"name":"(anonymous_0)","decl":{"start":{"line":6,"column":14},"end":{"line":6,"column":15}},"loc":{"start":{"line":6,"column":33},"end":{"line":8,"column":1}},"line":6}},"branchMap":{"0":{"loc":{"start":{"line":2,"column":13},"end":{"line":2,"column":37}},"type":"binary-expr","locations":[{"start":{"line":2,"column":13},"end":{"line":2,"column":29}},{"start":{"line":2,"column":33},"end":{"line":2,"column":37}}],"line":2}},"s":{"0":0,"1":0,"2":0,"3":0,"4":0,"5":0,"6":0,"7":0},"f":{"0":0},"b":{"0":[0,0]}}
,"C:\\Users\\s541910\\Projects\\Gdp-2\\intermangaer-ui\\vuese.config.js": {"path":"C:\\Users\\s541910\\Projects\\Gdp-2\\intermangaer-ui\\vuese.config.js","statementMap":{"0":{"start":{"line":1,"column":0},"end":{"line":3,"column":2}}},"fnMap":{},"branchMap":{},"s":{"0":0},"f":{},"b":{}}
,"C:\\Users\\s541910\\Projects\\Gdp-2\\intermangaer-ui\\dist\\js\\webpack:\\node_modules\\core-js\\internals\\get-substitution.js": {"path":"C:\\Users\\s541910\\Projects\\Gdp-2\\intermangaer-ui\\dist\\js\\webpack:\\node_modules\\core-js\\internals\\get-substitution.js","statementMap":{"0":{"start":{"line":1,"column":15},"end":{"line":1,"column":null}},"1":{"start":{"line":3,"column":12},"end":{"line":3,"column":null}},"2":{"start":{"line":4,"column":14},"end":{"line":4,"column":null}},"3":{"start":{"line":5,"column":27},"end":{"line":5,"column":null}},"4":{"start":{"line":6,"column":36},"end":{"line":6,"column":null}},"5":{"start":{"line":10,"column":0},"end":{"line":39,"column":null}},"6":{"start":{"line":11,"column":16},"end":{"line":11,"column":null}},"7":{"start":{"line":12,"column":10},"end":{"line":12,"column":null}},"8":{"start":{"line":13,"column":16},"end":{"line":13,"column":null}},"9":{"start":{"line":18,"column":2},"end":{"line":39,"column":null}},"10":{"start":{"line":20,"column":4},"end":{"line":37,"column":null}},"11":{"start":{"line":21,"column":16},"end":{"line":21,"column":null}},"12":{"start":{"line":22,"column":16},"end":{"line":22,"column":null}},"13":{"start":{"line":23,"column":16},"end":{"line":23,"column":null}},"14":{"start":{"line":24,"column":16},"end":{"line":24,"column":null}},"15":{"start":{"line":26,"column":8},"end":{"line":26,"column":null}},"16":{"start":{"line":27,"column":8},"end":{"line":27,"column":null}},"17":{"start":{"line":29,"column":12},"end":{"line":29,"column":null}},"18":{"start":{"line":30,"column":8},"end":{"line":30,"column":null}},"19":{"start":{"line":30,"column":21},"end":{"line":30,"column":null}},"20":{"start":{"line":31,"column":8},"end":{"line":35,"column":null}},"21":{"start":{"line":32,"column":18},"end":{"line":32,"column":null}},"22":{"start":{"line":33,"column":10},"end":{"line":35,"column":null}},"23":{"start":{"line":37,"column":8},"end":{"line":37,"column":null}},"24":{"start":{"line":39,"column":4},"end":{"line":39,"column":null}}},"fnMap":{"0":{"name":"(anonymous_0)","decl":{"start":{"line":1,"column":0},"end":{"line":1,"column":4}},"loc":{"start":{"line":1,"column":0},"end":{"line":1,"column":4}}},"1":{"name":"(anonymous_2)","decl":{"start":{"line":10,"column":17},"end":{"line":10,"column":27}},"loc":{"start":{"line":10,"column":76},"end":{"line":39,"column":null}}},"2":{"name":"(anonymous_3)","decl":{"start":{"line":18,"column":44},"end":{"line":18,"column":54}},"loc":{"start":{"line":18,"column":61},"end":{"line":39,"column":null}}}},"branchMap":{"0":{"loc":{"start":{"line":1,"column":0},"end":{"line":1,"column":4}},"type":"binary-expr","locations":[{"start":{"line":1,"column":0},"end":{"line":1,"column":4}},{"start":{"line":1,"column":0},"end":{"line":1,"column":4}}]},"1":{"loc":{"start":{"line":18,"column":2},"end":{"line":16,"column":null}},"type":"binary-expr","locations":[{"start":{"line":18,"column":2},"end":{"line":14,"column":24}},{"start":{"line":15,"column":4},"end":{"line":16,"column":null}}]},"2":{"loc":{"start":{"line":20,"column":4},"end":{"line":37,"column":null}},"type":"switch","locations":[{"start":{"line":21,"column":6},"end":{"line":21,"column":null}},{"start":{"line":22,"column":6},"end":{"line":22,"column":null}},{"start":{"line":23,"column":6},"end":{"line":23,"column":null}},{"start":{"line":24,"column":6},"end":{"line":24,"column":null}},{"start":{"line":25,"column":6},"end":{"line":27,"column":null}},{"start":{"line":28,"column":6},"end":{"line":37,"column":null}}]},"3":{"loc":{"start":{"line":30,"column":8},"end":{"line":30,"column":null}},"type":"if","locations":[{"start":{"line":30,"column":8},"end":{"line":30,"column":null}}]},"4":{"loc":{"start":{"line":31,"column":8},"end":{"line":35,"column":null}},"type":"if","locations":[{"start":{"line":31,"column":8},"end":{"line":35,"column":null}}]},"5":{"loc":{"start":{"line":33,"column":20},"end":{"line":35,"column":null}},"type":"cond-expr","locations":[{"start":{"line":33,"column":30},"end":{"line":33,"column":null}},{"start":{"line":34,"column":14},"end":{"line":35,"column":null}}]},"6":{"loc":{"start":{"line":34,"column":14},"end":{"line":35,"column":null}},"type":"cond-expr","locations":[{"start":{"line":34,"column":19},"end":{"line":34,"column":null}},{"start":{"line":35,"column":17},"end":{"line":35,"column":null}}]},"7":{"loc":{"start":{"line":34,"column":19},"end":{"line":34,"column":null}},"type":"cond-expr","locations":[{"start":{"line":34,"column":61},"end":{"line":34,"column":76}},{"start":{"line":34,"column":76},"end":{"line":34,"column":null}}]},"8":{"loc":{"start":{"line":39,"column":4},"end":{"line":39,"column":null}},"type":"cond-expr","locations":[{"start":{"line":39,"column":35},"end":{"line":39,"column":40}},{"start":{"line":39,"column":40},"end":{"line":39,"column":null}}]}},"s":{"0":0,"1":0,"2":0,"3":0,"4":0,"5":0,"6":0,"7":0,"8":0,"9":0,"10":0,"11":0,"12":0,"13":0,"14":0,"15":0,"16":0,"17":0,"18":0,"19":0,"20":0,"21":0,"22":0,"23":0,"24":0},"f":{"0":0,"1":0,"2":0},"b":{"0":[0,0],"1":[0,0],"2":[0,0,0,0,0,0],"3":[0],"4":[0],"5":[0,0],"6":[0,0],"7":[0,0],"8":[0,0]}}
,"C:\\Users\\s541910\\Projects\\Gdp-2\\intermangaer-ui\\dist\\js\\webpack:\\node_modules\\core-js\\modules\\es.string.match.js": {"path":"C:\\Users\\s541910\\Projects\\Gdp-2\\intermangaer-ui\\dist\\js\\webpack:\\node_modules\\core-js\\modules\\es.string.match.js","statementMap":{"0":{"start":{"line":2,"column":36},"end":{"line":2,"column":null}},"1":{"start":{"line":3,"column":15},"end":{"line":3,"column":null}},"2":{"start":{"line":4,"column":15},"end":{"line":4,"column":null}},"3":{"start":{"line":5,"column":29},"end":{"line":5,"column":null}},"4":{"start":{"line":6,"column":25},"end":{"line":6,"column":null}},"5":{"start":{"line":7,"column":17},"end":{"line":7,"column":null}},"6":{"start":{"line":10,"column":0},"end":{"line":41,"column":null}},"7":{"start":{"line":11,"column":2},"end":{"line":41,"column":null}},"8":{"start":{"line":15,"column":14},"end":{"line":15,"column":null}},"9":{"start":{"line":16,"column":10},"end":{"line":16,"column":null}},"10":{"start":{"line":17,"column":6},"end":{"line":17,"column":null}},"11":{"start":{"line":22,"column":16},"end":{"line":22,"column":null}},"12":{"start":{"line":23,"column":6},"end":{"line":23,"column":null}},"13":{"start":{"line":23,"column":20},"end":{"line":23,"column":null}},"14":{"start":{"line":25,"column":15},"end":{"line":25,"column":null}},"15":{"start":{"line":26,"column":14},"end":{"line":26,"column":null}},"16":{"start":{"line":28,"column":6},"end":{"line":28,"column":null}},"17":{"start":{"line":28,"column":22},"end":{"line":28,"column":null}},"18":{"start":{"line":30,"column":24},"end":{"line":30,"column":null}},"19":{"start":{"line":31,"column":6},"end":{"line":31,"column":null}},"20":{"start":{"line":32,"column":14},"end":{"line":32,"column":null}},"21":{"start":{"line":33,"column":14},"end":{"line":33,"column":null}},"22":{"start":{"line":35,"column":6},"end":{"line":39,"column":null}},"23":{"start":{"line":36,"column":23},"end":{"line":36,"column":null}},"24":{"start":{"line":37,"column":8},"end":{"line":39,"column":null}},"25":{"start":{"line":41,"column":6},"end":{"line":41,"column":null}}},"fnMap":{"0":{"name":"(anonymous_47)","decl":{"start":{"line":2,"column":0},"end":{"line":2,"column":4}},"loc":{"start":{"line":2,"column":0},"end":{"line":41,"column":null}}},"1":{"name":"(anonymous_48)","decl":{"start":{"line":10,"column":42},"end":{"line":10,"column":52}},"loc":{"start":{"line":10,"column":72},"end":{"line":41,"column":null}}},"2":{"name":"(anonymous_49)","decl":{"start":{"line":14,"column":4},"end":{"line":14,"column":19}},"loc":{"start":{"line":14,"column":19},"end":{"line":17,"column":null}}},"3":{"name":"(anonymous_50)","decl":{"start":{"line":21,"column":4},"end":{"line":21,"column":14}},"loc":{"start":{"line":21,"column":14},"end":{"line":41,"column":null}}}},"branchMap":{"0":{"loc":{"start":{"line":16,"column":10},"end":{"line":16,"column":null}},"type":"cond-expr","locations":[{"start":{"line":16,"column":20},"end":{"line":16,"column":54}},{"start":{"line":16,"column":54},"end":{"line":16,"column":null}}]},"1":{"loc":{"start":{"line":17,"column":6},"end":{"line":17,"column":null}},"type":"cond-expr","locations":[{"start":{"line":17,"column":37},"end":{"line":17,"column":63}},{"start":{"line":17,"column":63},"end":{"line":17,"column":null}}]},"2":{"loc":{"start":{"line":23,"column":6},"end":{"line":23,"column":null}},"type":"if","locations":[{"start":{"line":23,"column":6},"end":{"line":23,"column":null}}]},"3":{"loc":{"start":{"line":28,"column":6},"end":{"line":28,"column":null}},"type":"if","locations":[{"start":{"line":28,"column":6},"end":{"line":28,"column":null}}]},"4":{"loc":{"start":{"line":38,"column":25},"end":{"line":38,"column":null}},"type":"binary-expr","locations":[{"start":{"line":38,"column":25},"end":{"line":38,"column":28}},{"start":{"line":38,"column":29},"end":{"line":38,"column":null}}]},"5":{"loc":{"start":{"line":41,"column":19},"end":{"line":41,"column":null}},"type":"cond-expr","locations":[{"start":{"line":41,"column":23},"end":{"line":41,"column":30}},{"start":{"line":41,"column":30},"end":{"line":41,"column":null}}]}},"s":{"0":0,"1":0,"2":0,"3":0,"4":0,"5":0,"6":0,"7":0,"8":0,"9":0,"10":0,"11":0,"12":0,"13":0,"14":0,"15":0,"16":0,"17":0,"18":0,"19":0,"20":0,"21":0,"22":0,"23":0,"24":0,"25":0},"f":{"0":0,"1":0,"2":0,"3":0},"b":{"0":[0,0],"1":[0,0],"2":[0],"3":[0],"4":[0,0],"5":[0,0]}}
,"C:\\Users\\s541910\\Projects\\Gdp-2\\intermangaer-ui\\dist\\js\\webpack:\\node_modules\\core-js\\modules\\es.string.replace.js": {"path":"C:\\Users\\s541910\\Projects\\Gdp-2\\intermangaer-ui\\dist\\js\\webpack:\\node_modules\\core-js\\modules\\es.string.replace.js","statementMap":{"0":{"start":{"line":2,"column":36},"end":{"line":2,"column":null}},"1":{"start":{"line":3,"column":15},"end":{"line":3,"column":null}},"2":{"start":{"line":4,"column":15},"end":{"line":4,"column":null}},"3":{"start":{"line":5,"column":16},"end":{"line":5,"column":null}},"4":{"start":{"line":6,"column":29},"end":{"line":6,"column":null}},"5":{"start":{"line":7,"column":25},"end":{"line":7,"column":null}},"6":{"start":{"line":8,"column":22},"end":{"line":8,"column":null}},"7":{"start":{"line":9,"column":17},"end":{"line":9,"column":null}},"8":{"start":{"line":11,"column":10},"end":{"line":11,"column":null}},"9":{"start":{"line":12,"column":10},"end":{"line":12,"column":null}},"10":{"start":{"line":14,"column":20},"end":{"line":15,"column":null}},"11":{"start":{"line":15,"column":2},"end":{"line":15,"column":null}},"12":{"start":{"line":19,"column":0},"end":{"line":95,"column":null}},"13":{"start":{"line":20,"column":53},"end":{"line":20,"column":null}},"14":{"start":{"line":21,"column":25},"end":{"line":21,"column":null}},"15":{"start":{"line":22,"column":26},"end":{"line":22,"column":null}},"16":{"start":{"line":24,"column":2},"end":{"line":95,"column":null}},"17":{"start":{"line":28,"column":14},"end":{"line":28,"column":null}},"18":{"start":{"line":29,"column":10},"end":{"line":29,"column":null}},"19":{"start":{"line":30,"column":6},"end":{"line":32,"column":null}},"20":{"start":{"line":37,"column":6},"end":{"line":42,"column":null}},"21":{"start":{"line":41,"column":18},"end":{"line":41,"column":null}},"22":{"start":{"line":42,"column":8},"end":{"line":42,"column":null}},"23":{"start":{"line":42,"column":22},"end":{"line":42,"column":null}},"24":{"start":{"line":45,"column":15},"end":{"line":45,"column":null}},"25":{"start":{"line":46,"column":14},"end":{"line":46,"column":null}},"26":{"start":{"line":48,"column":54},"end":{"line":49,"column":10}},"27":{"start":{"line":49,"column":11},"end":{"line":49,"column":null}},"28":{"start":{"line":51,"column":19},"end":{"line":51,"column":null}},"29":{"start":{"line":52,"column":6},"end":{"line":54,"column":null}},"30":{"start":{"line":53,"column":26},"end":{"line":53,"column":null}},"31":{"start":{"line":54,"column":8},"end":{"line":54,"column":null}},"32":{"start":{"line":56,"column":20},"end":{"line":56,"column":null}},"33":{"start":{"line":57,"column":6},"end":{"line":65,"column":null}},"34":{"start":{"line":58,"column":21},"end":{"line":58,"column":null}},"35":{"start":{"line":59,"column":8},"end":{"line":59,"column":null}},"36":{"start":{"line":59,"column":29},"end":{"line":59,"column":null}},"37":{"start":{"line":62,"column":8},"end":{"line":62,"column":null}},"38":{"start":{"line":62,"column":21},"end":{"line":62,"column":null}},"39":{"start":{"line":64,"column":23},"end":{"line":64,"column":null}},"40":{"start":{"line":65,"column":25},"end":{"line":65,"column":null}},"41":{"start":{"line":70,"column":6},"end":{"line":92,"column":null}},"42":{"start":{"line":68,"column":30},"end":{"line":68,"column":null}},"43":{"start":{"line":69,"column":31},"end":{"line":69,"column":null}},"44":{"start":{"line":70,"column":19},"end":{"line":70,"column":22}},"45":{"start":{"line":71,"column":8},"end":{"line":71,"column":null}},"46":{"start":{"line":81,"column":8},"end":{"line":81,"column":null}},"47":{"start":{"line":73,"column":22},"end":{"line":73,"column":null}},"48":{"start":{"line":74,"column":23},"end":{"line":74,"column":null}},"49":{"start":{"line":75,"column":23},"end":{"line":75,"column":null}},"50":{"start":{"line":81,"column":21},"end":{"line":81,"column":24}},"51":{"start":{"line":81,"column":48},"end":{"line":81,"column":null}},"52":{"start":{"line":82,"column":28},"end":{"line":82,"column":null}},"53":{"start":{"line":83,"column":8},"end":{"line":88,"column":null}},"54":{"start":{"line":84,"column":29},"end":{"line":84,"column":null}},"55":{"start":{"line":84,"column":66},"end":{"line":85,"column":null}},"56":{"start":{"line":86,"column":28},"end":{"line":86,"column":null}},"57":{"start":{"line":88,"column":10},"end":{"line":88,"column":null}},"58":{"start":{"line":90,"column":12},"end":{"line":92,"column":null}},"59":{"start":{"line":95,"column":6},"end":{"line":95,"column":null}}},"fnMap":{"0":{"name":"(anonymous_51)","decl":{"start":{"line":2,"column":0},"end":{"line":2,"column":4}},"loc":{"start":{"line":2,"column":0},"end":{"line":95,"column":null}}},"1":{"name":"(anonymous_52)","decl":{"start":{"line":14,"column":20},"end":{"line":14,"column":30}},"loc":{"start":{"line":14,"column":30},"end":{"line":15,"column":null}}},"2":{"name":"(anonymous_53)","decl":{"start":{"line":19,"column":44},"end":{"line":19,"column":54}},"loc":{"start":{"line":19,"column":95},"end":{"line":95,"column":null}}},"3":{"name":"(anonymous_54)","decl":{"start":{"line":27,"column":4},"end":{"line":27,"column":21}},"loc":{"start":{"line":27,"column":34},"end":{"line":32,"column":null}}},"4":{"name":"(anonymous_55)","decl":{"start":{"line":36,"column":4},"end":{"line":36,"column":14}},"loc":{"start":{"line":36,"column":22},"end":{"line":95,"column":null}}}},"branchMap":{"0":{"loc":{"start":{"line":15,"column":2},"end":{"line":15,"column":null}},"type":"cond-expr","locations":[{"start":{"line":15,"column":28},"end":{"line":15,"column":33}},{"start":{"line":15,"column":33},"end":{"line":15,"column":null}}]},"1":{"loc":{"start":{"line":22,"column":26},"end":{"line":22,"column":null}},"type":"cond-expr","locations":[{"start":{"line":22,"column":73},"end":{"line":22,"column":79}},{"start":{"line":22,"column":79},"end":{"line":22,"column":null}}]},"2":{"loc":{"start":{"line":29,"column":10},"end":{"line":29,"column":null}},"type":"cond-expr","locations":[{"start":{"line":29,"column":21},"end":{"line":29,"column":60}},{"start":{"line":29,"column":60},"end":{"line":29,"column":null}}]},"3":{"loc":{"start":{"line":30,"column":6},"end":{"line":32,"column":null}},"type":"cond-expr","locations":[{"start":{"line":31,"column":10},"end":{"line":31,"column":null}},{"start":{"line":32,"column":10},"end":{"line":32,"column":null}}]},"4":{"loc":{"start":{"line":37,"column":6},"end":{"line":42,"column":null}},"type":"if","locations":[{"start":{"line":37,"column":6},"end":{"line":42,"column":null}}]},"5":{"loc":{"start":{"line":37,"column":6},"end":{"line":39,"column":90}},"type":"binary-expr","locations":[{"start":{"line":37,"column":6},"end":{"line":38,"column":58}},{"start":{"line":38,"column":58},"end":{"line":38,"column":null}},{"start":{"line":39,"column":33},"end":{"line":39,"column":89}},{"start":{"line":39,"column":16},"end":{"line":39,"column":90}}]},"6":{"loc":{"start":{"line":42,"column":8},"end":{"line":42,"column":null}},"type":"if","locations":[{"start":{"line":42,"column":8},"end":{"line":42,"column":null}}]},"7":{"loc":{"start":{"line":49,"column":11},"end":{"line":49,"column":null}},"type":"binary-expr","locations":[{"start":{"line":49,"column":11},"end":{"line":49,"column":30}},{"start":{"line":49,"column":30},"end":{"line":49,"column":null}}]},"8":{"loc":{"start":{"line":52,"column":6},"end":{"line":54,"column":null}},"type":"if","locations":[{"start":{"line":52,"column":6},"end":{"line":54,"column":null}}]},"9":{"loc":{"start":{"line":59,"column":8},"end":{"line":59,"column":null}},"type":"if","locations":[{"start":{"line":59,"column":8},"end":{"line":59,"column":null}}]},"10":{"loc":{"start":{"line":62,"column":8},"end":{"line":62,"column":null}},"type":"if","locations":[{"start":{"line":62,"column":8},"end":{"line":62,"column":null}}]},"11":{"loc":{"start":{"line":65,"column":25},"end":{"line":65,"column":null}},"type":"binary-expr","locations":[{"start":{"line":65,"column":25},"end":{"line":65,"column":28}},{"start":{"line":65,"column":29},"end":{"line":65,"column":null}}]},"12":{"loc":{"start":{"line":83,"column":8},"end":{"line":88,"column":null}},"type":"if","locations":[{"start":{"line":83,"column":8},"end":{"line":88,"column":null}},{"start":{"line":88,"column":10},"end":{"line":88,"column":null}}]},"13":{"loc":{"start":{"line":84,"column":66},"end":{"line":85,"column":null}},"type":"binary-expr","locations":[{"start":{"line":84,"column":66},"end":{"line":85,"column":32}},{"start":{"line":85,"column":43},"end":{"line":85,"column":null}}]},"14":{"loc":{"start":{"line":90,"column":12},"end":{"line":92,"column":null}},"type":"binary-expr","locations":[{"start":{"line":90,"column":12},"end":{"line":90,"column":null}},{"start":{"line":91,"column":10},"end":{"line":92,"column":null}}]}},"s":{"0":0,"1":0,"2":0,"3":0,"4":0,"5":0,"6":0,"7":0,"8":0,"9":0,"10":0,"11":0,"12":0,"13":0,"14":0,"15":0,"16":0,"17":0,"18":0,"19":0,"20":0,"21":0,"22":0,"23":0,"24":0,"25":0,"26":0,"27":0,"28":0,"29":0,"30":0,"31":0,"32":0,"33":0,"34":0,"35":0,"36":0,"37":0,"38":0,"39":0,"40":0,"41":0,"42":0,"43":0,"44":0,"45":0,"46":0,"47":0,"48":0,"49":0,"50":0,"51":0,"52":0,"53":0,"54":0,"55":0,"56":0,"57":0,"58":0,"59":0},"f":{"0":0,"1":0,"2":0,"3":0,"4":0},"b":{"0":[0,0],"1":[0,0],"2":[0,0],"3":[0,0],"4":[0],"5":[0,0,0,0],"6":[0],"7":[0,0],"8":[0],"9":[0],"10":[0],"11":[0,0],"12":[0,0],"13":[0,0],"14":[0,0]}}
,"C:\\Users\\s541910\\Projects\\Gdp-2\\intermangaer-ui\\dist\\js\\webpack:\\node_modules\\moment\\locale sync ^\\.*$": {"path":"C:\\Users\\s541910\\Projects\\Gdp-2\\intermangaer-ui\\dist\\js\\webpack:\\node_modules\\moment\\locale sync ^\\.*$","statementMap":{"0":{"start":{"line":1,"column":10},"end":{"line":271,"column":null}},"1":{"start":{"line":276,"column":10},"end":{"line":276,"column":null}},"2":{"start":{"line":277,"column":1},"end":{"line":277,"column":null}},"3":{"start":{"line":280,"column":1},"end":{"line":283,"column":null}},"4":{"start":{"line":281,"column":10},"end":{"line":281,"column":null}},"5":{"start":{"line":283,"column":2},"end":{"line":283,"column":null}},"6":{"start":{"line":285,"column":1},"end":{"line":285,"column":null}},"7":{"start":{"line":287,"column":0},"end":{"line":292,"column":null}},"8":{"start":{"line":288,"column":1},"end":{"line":288,"column":null}}},"fnMap":{"0":{"name":"(anonymous_35)","decl":{"start":{"line":1,"column":0},"end":{"line":1,"column":4}},"loc":{"start":{"line":1,"column":0},"end":{"line":292,"column":null}}},"1":{"name":"o","decl":{"start":{"line":275,"column":9},"end":{"line":275,"column":24}},"loc":{"start":{"line":275,"column":24},"end":{"line":277,"column":null}}},"2":{"name":"s","decl":{"start":{"line":279,"column":9},"end":{"line":279,"column":31}},"loc":{"start":{"line":279,"column":31},"end":{"line":285,"column":null}}},"3":{"name":"(anonymous_38)","decl":{"start":{"line":287,"column":22},"end":{"line":287,"column":null}},"loc":{"start":{"line":287,"column":22},"end":{"line":288,"column":null}}}},"branchMap":{"0":{"loc":{"start":{"line":280,"column":1},"end":{"line":283,"column":null}},"type":"if","locations":[{"start":{"line":280,"column":1},"end":{"line":283,"column":null}}]}},"s":{"0":0,"1":0,"2":0,"3":0,"4":0,"5":0,"6":0,"7":0,"8":0},"f":{"0":0,"1":0,"2":0,"3":0},"b":{"0":[0]}}
,"C:\\Users\\s541910\\Projects\\Gdp-2\\intermangaer-ui\\dist\\js\\webpack:\\src\\App.vue": {"path":"C:\\Users\\s541910\\Projects\\Gdp-2\\intermangaer-ui\\dist\\js\\webpack:\\src\\App.vue","statementMap":{"0":{"start":{"line":13,"column":0},"end":{"line":24,"column":6}},"1":{"start":{"line":19,"column":0},"end":{"line":19,"column":2}},"2":{"start":{"line":20,"column":0},"end":{"line":20,"column":null}},"3":{"start":{"line":21,"column":4},"end":{"line":24,"column":6}},"4":{"start":{"line":24,"column":6},"end":{"line":1,"column":317}}},"fnMap":{"0":{"name":"(anonymous_53)","decl":{"start":{"line":13,"column":0},"end":{"line":13,"column":null}},"loc":{"start":{"line":13,"column":0},"end":{"line":24,"column":6}}},"1":{"name":"(anonymous_54)","decl":{"start":{"line":23,"column":0},"end":{"line":23,"column":4}},"loc":{"start":{"line":23,"column":0},"end":{"line":24,"column":6}}}},"branchMap":{},"s":{"0":0,"1":0,"2":0,"3":0,"4":0},"f":{"0":0,"1":0},"b":{}}
,"C:\\Users\\s541910\\Projects\\Gdp-2\\intermangaer-ui\\dist\\js\\webpack:\\src\\App.vue?1160": {"path":"C:\\Users\\s541910\\Projects\\Gdp-2\\intermangaer-ui\\dist\\js\\webpack:\\src\\App.vue?1160","statementMap":{"0":{"start":{"line":1,"column":318},"end":{"line":1,"column":null}}},"fnMap":{},"branchMap":{},"s":{"0":0},"f":{},"b":{}}
,"C:\\Users\\s541910\\Projects\\Gdp-2\\intermangaer-ui\\dist\\js\\webpack:\\src\\App.vue?59f3": {"path":"C:\\Users\\s541910\\Projects\\Gdp-2\\intermangaer-ui\\dist\\js\\webpack:\\src\\App.vue?59f3","statementMap":{"0":{"start":{"line":1,"column":4},"end":{"line":1,"column":13}},"1":{"start":{"line":1,"column":34},"end":{"line":1,"column":43}},"2":{"start":{"line":1,"column":46},"end":{"line":1,"column":69}},"3":{"start":{"line":1,"column":72},"end":{"line":1,"column":89}},"4":{"start":{"line":1,"column":89},"end":{"line":1,"column":null}},"5":{"start":{"line":2,"column":22},"end":{"line":2,"column":null}}},"fnMap":{"0":{"name":"(anonymous_43)","decl":{"start":{"line":1,"column":13},"end":{"line":1,"column":26}},"loc":{"start":{"line":1,"column":13},"end":{"line":1,"column":null}}}},"branchMap":{"0":{"loc":{"start":{"line":1,"column":72},"end":{"line":1,"column":89}},"type":"binary-expr","locations":[{"start":{"line":1,"column":72},"end":{"line":1,"column":86}},{"start":{"line":1,"column":86},"end":{"line":1,"column":89}}]}},"s":{"0":0,"1":0,"2":0,"3":0,"4":0,"5":0},"f":{"0":0},"b":{"0":[0,0]}}
,"C:\\Users\\s541910\\Projects\\Gdp-2\\intermangaer-ui\\dist\\js\\webpack:\\src\\App.vue?7e02": {"path":"C:\\Users\\s541910\\Projects\\Gdp-2\\intermangaer-ui\\dist\\js\\webpack:\\src\\App.vue?7e02","statementMap":{"0":{"start":{"line":1,"column":0},"end":{"line":1,"column":null}}},"fnMap":{"0":{"name":"(anonymous_21)","decl":{"start":{"line":1,"column":0},"end":{"line":1,"column":null}},"loc":{"start":{"line":1,"column":0},"end":{"line":1,"column":null}}}},"branchMap":{},"s":{"0":0},"f":{"0":0},"b":{}}
,"C:\\Users\\s541910\\Projects\\Gdp-2\\intermangaer-ui\\dist\\js\\webpack:\\src\\main.js": {"path":"C:\\Users\\s541910\\Projects\\Gdp-2\\intermangaer-ui\\dist\\js\\webpack:\\src\\main.js","statementMap":{"0":{"start":{"line":26,"column":0},"end":{"line":26,"column":4}},"1":{"start":{"line":26,"column":0},"end":{"line":96,"column":null}},"2":{"start":{"line":76,"column":4},"end":{"line":77,"column":null}},"3":{"start":{"line":77,"column":8},"end":{"line":77,"column":null}},"4":{"start":{"line":81,"column":4},"end":{"line":86,"column":23}},"5":{"start":{"line":82,"column":21},"end":{"line":82,"column":null}},"6":{"start":{"line":83,"column":8},"end":{"line":86,"column":23}},"7":{"start":{"line":95,"column":12},"end":{"line":95,"column":null}}},"fnMap":{"0":{"name":"(anonymous_379)","decl":{"start":{"line":53,"column":22},"end":{"line":53,"column":null}},"loc":{"start":{"line":53,"column":22},"end":{"line":53,"column":null}}},"1":{"name":"(anonymous_380)","decl":{"start":{"line":75,"column":25},"end":{"line":75,"column":34}},"loc":{"start":{"line":75,"column":41},"end":{"line":86,"column":23}}},"2":{"name":"(anonymous_381)","decl":{"start":{"line":95,"column":12},"end":{"line":95,"column":13}},"loc":{"start":{"line":95,"column":13},"end":{"line":95,"column":null}}}},"branchMap":{"0":{"loc":{"start":{"line":76,"column":4},"end":{"line":77,"column":null}},"type":"if","locations":[{"start":{"line":76,"column":4},"end":{"line":77,"column":null}}]},"1":{"loc":{"start":{"line":76,"column":22},"end":{"line":76,"column":null}},"type":"binary-expr","locations":[{"start":{"line":76,"column":22},"end":{"line":76,"column":31}},{"start":{"line":76,"column":32},"end":{"line":76,"column":null}}]},"2":{"loc":{"start":{"line":81,"column":4},"end":{"line":86,"column":23}},"type":"if","locations":[{"start":{"line":81,"column":4},"end":{"line":86,"column":23}}]},"3":{"loc":{"start":{"line":81,"column":22},"end":{"line":81,"column":39}},"type":"binary-expr","locations":[{"start":{"line":81,"column":22},"end":{"line":81,"column":31}},{"start":{"line":81,"column":32},"end":{"line":81,"column":39}}]},"4":{"loc":{"start":{"line":83,"column":12},"end":{"line":86,"column":23}},"type":"cond-expr","locations":[{"start":{"line":84,"column":12},"end":{"line":84,"column":22}},{"start":{"line":86,"column":12},"end":{"line":86,"column":23}}]}},"s":{"0":0,"1":0,"2":0,"3":0,"4":0,"5":0,"6":0,"7":0},"f":{"0":0,"1":0,"2":0},"b":{"0":[0],"1":[0,0],"2":[0],"3":[0,0],"4":[0,0]}}
,"C:\\Users\\s541910\\Projects\\Gdp-2\\intermangaer-ui\\dist\\js\\webpack:\\src\\assets\\NoDataFound.png": {"path":"C:\\Users\\s541910\\Projects\\Gdp-2\\intermangaer-ui\\dist\\js\\webpack:\\src\\assets\\NoDataFound.png","statementMap":{"0":{"start":{"line":1,"column":0},"end":{"line":1,"column":null}}},"fnMap":{"0":{"name":"(anonymous_387)","decl":{"start":{"line":1,"column":0},"end":{"line":1,"column":7}},"loc":{"start":{"line":1,"column":0},"end":{"line":1,"column":7}}}},"branchMap":{},"s":{"0":0},"f":{"0":0},"b":{}}
,"C:\\Users\\s541910\\Projects\\Gdp-2\\intermangaer-ui\\dist\\js\\webpack:\\src\\assets\\n-large.png": {"path":"C:\\Users\\s541910\\Projects\\Gdp-2\\intermangaer-ui\\dist\\js\\webpack:\\src\\assets\\n-large.png","statementMap":{"0":{"start":{"line":1,"column":0},"end":{"line":1,"column":null}}},"fnMap":{"0":{"name":"(anonymous_391)","decl":{"start":{"line":1,"column":0},"end":{"line":1,"column":7}},"loc":{"start":{"line":1,"column":0},"end":{"line":1,"column":7}}}},"branchMap":{},"s":{"0":0},"f":{"0":0},"b":{}}
,"C:\\Users\\s541910\\Projects\\Gdp-2\\intermangaer-ui\\dist\\js\\webpack:\\src\\components\\Error404Page.vue": {"path":"C:\\Users\\s541910\\Projects\\Gdp-2\\intermangaer-ui\\dist\\js\\webpack:\\src\\components\\Error404Page.vue","statementMap":{"0":{"start":{"line":9,"column":0},"end":{"line":10,"column":null}},"1":{"start":{"line":8,"column":16},"end":{"line":15,"column":null}}},"fnMap":{},"branchMap":{},"s":{"0":0,"1":0},"f":{},"b":{}}
,"C:\\Users\\s541910\\Projects\\Gdp-2\\intermangaer-ui\\dist\\js\\webpack:\\src\\components\\Error404Page.vue?4918": {"path":"C:\\Users\\s541910\\Projects\\Gdp-2\\intermangaer-ui\\dist\\js\\webpack:\\src\\components\\Error404Page.vue?4918","statementMap":{"0":{"start":{"line":1,"column":13},"end":{"line":1,"column":null}},"1":{"start":{"line":1,"column":34},"end":{"line":1,"column":43}},"2":{"start":{"line":1,"column":46},"end":{"line":1,"column":69}},"3":{"start":{"line":1,"column":72},"end":{"line":1,"column":89}},"4":{"start":{"line":1,"column":89},"end":{"line":1,"column":null}},"5":{"start":{"line":2,"column":22},"end":{"line":2,"column":null}}},"fnMap":{"0":{"name":"(anonymous_74)","decl":{"start":{"line":1,"column":13},"end":{"line":1,"column":26}},"loc":{"start":{"line":1,"column":13},"end":{"line":1,"column":null}}}},"branchMap":{"0":{"loc":{"start":{"line":1,"column":72},"end":{"line":1,"column":89}},"type":"binary-expr","locations":[{"start":{"line":1,"column":72},"end":{"line":1,"column":86}},{"start":{"line":1,"column":86},"end":{"line":1,"column":89}}]}},"s":{"0":0,"1":0,"2":0,"3":0,"4":0,"5":0},"f":{"0":0},"b":{"0":[0,0]}}
,"C:\\Users\\s541910\\Projects\\Gdp-2\\intermangaer-ui\\dist\\js\\webpack:\\src\\components\\Error404Page.vue?cbff": {"path":"C:\\Users\\s541910\\Projects\\Gdp-2\\intermangaer-ui\\dist\\js\\webpack:\\src\\components\\Error404Page.vue?cbff","statementMap":{"0":{"start":{"line":1,"column":342},"end":{"line":1,"column":null}}},"fnMap":{},"branchMap":{},"s":{"0":0},"f":{},"b":{}}
,"C:\\Users\\s541910\\Projects\\Gdp-2\\intermangaer-ui\\dist\\js\\webpack:\\src\\components\\Logout.vue": {"path":"C:\\Users\\s541910\\Projects\\Gdp-2\\intermangaer-ui\\dist\\js\\webpack:\\src\\components\\Logout.vue","statementMap":{"0":{"start":{"line":6,"column":0},"end":{"line":11,"column":6}},"1":{"start":{"line":7,"column":0},"end":{"line":7,"column":2}},"2":{"start":{"line":8,"column":4},"end":{"line":11,"column":6}},"3":{"start":{"line":9,"column":6},"end":{"line":11,"column":6}},"4":{"start":{"line":8,"column":16},"end":{"line":15,"column":null}}},"fnMap":{"0":{"name":"(anonymous_76)","decl":{"start":{"line":6,"column":0},"end":{"line":6,"column":null}},"loc":{"start":{"line":6,"column":0},"end":{"line":11,"column":6}}},"1":{"name":"(anonymous_77)","decl":{"start":{"line":8,"column":46},"end":{"line":8,"column":null}},"loc":{"start":{"line":8,"column":0},"end":{"line":11,"column":6}}}},"branchMap":{},"s":{"0":0,"1":0,"2":0,"3":0,"4":0},"f":{"0":0,"1":0},"b":{}}
,"C:\\Users\\s541910\\Projects\\Gdp-2\\intermangaer-ui\\dist\\js\\webpack:\\src\\components\\Logout.vue?684a": {"path":"C:\\Users\\s541910\\Projects\\Gdp-2\\intermangaer-ui\\dist\\js\\webpack:\\src\\components\\Logout.vue?684a","statementMap":{"0":{"start":{"line":1,"column":336},"end":{"line":1,"column":null}}},"fnMap":{},"branchMap":{},"s":{"0":0},"f":{},"b":{}}
,"C:\\Users\\s541910\\Projects\\Gdp-2\\intermangaer-ui\\dist\\js\\webpack:\\src\\components\\Logout.vue?fe80": {"path":"C:\\Users\\s541910\\Projects\\Gdp-2\\intermangaer-ui\\dist\\js\\webpack:\\src\\components\\Logout.vue?fe80","statementMap":{"0":{"start":{"line":1,"column":13},"end":{"line":1,"column":null}},"1":{"start":{"line":1,"column":34},"end":{"line":1,"column":43}},"2":{"start":{"line":1,"column":46},"end":{"line":1,"column":69}},"3":{"start":{"line":1,"column":72},"end":{"line":1,"column":89}},"4":{"start":{"line":1,"column":89},"end":{"line":1,"column":null}},"5":{"start":{"line":2,"column":22},"end":{"line":2,"column":null}}},"fnMap":{"0":{"name":"(anonymous_75)","decl":{"start":{"line":1,"column":13},"end":{"line":1,"column":26}},"loc":{"start":{"line":1,"column":13},"end":{"line":1,"column":null}}}},"branchMap":{"0":{"loc":{"start":{"line":1,"column":72},"end":{"line":1,"column":89}},"type":"binary-expr","locations":[{"start":{"line":1,"column":72},"end":{"line":1,"column":86}},{"start":{"line":1,"column":86},"end":{"line":1,"column":89}}]}},"s":{"0":0,"1":0,"2":0,"3":0,"4":0,"5":0},"f":{"0":0},"b":{"0":[0,0]}}
,"C:\\Users\\s541910\\Projects\\Gdp-2\\intermangaer-ui\\dist\\js\\webpack:\\src\\components\\Semantic\\Footer.vue?2134": {"path":"C:\\Users\\s541910\\Projects\\Gdp-2\\intermangaer-ui\\dist\\js\\webpack:\\src\\components\\Semantic\\Footer.vue?2134","statementMap":{"0":{"start":{"line":8,"column":16},"end":{"line":15,"column":null}}},"fnMap":{},"branchMap":{},"s":{"0":0},"f":{},"b":{}}
,"C:\\Users\\s541910\\Projects\\Gdp-2\\intermangaer-ui\\dist\\js\\webpack:\\src\\components\\Semantic\\Footer.vue?63a5": {"path":"C:\\Users\\s541910\\Projects\\Gdp-2\\intermangaer-ui\\dist\\js\\webpack:\\src\\components\\Semantic\\Footer.vue?63a5","statementMap":{"0":{"start":{"line":1,"column":0},"end":{"line":1,"column":null}}},"fnMap":{"0":{"name":"(anonymous_393)","decl":{"start":{"line":1,"column":0},"end":{"line":1,"column":null}},"loc":{"start":{"line":1,"column":0},"end":{"line":1,"column":null}}}},"branchMap":{},"s":{"0":0},"f":{"0":0},"b":{}}
,"C:\\Users\\s541910\\Projects\\Gdp-2\\intermangaer-ui\\dist\\js\\webpack:\\src\\components\\Semantic\\Footer.vue?aff5": {"path":"C:\\Users\\s541910\\Projects\\Gdp-2\\intermangaer-ui\\dist\\js\\webpack:\\src\\components\\Semantic\\Footer.vue?aff5","statementMap":{"0":{"start":{"line":1,"column":13},"end":{"line":1,"column":null}},"1":{"start":{"line":1,"column":34},"end":{"line":1,"column":43}},"2":{"start":{"line":1,"column":46},"end":{"line":1,"column":69}},"3":{"start":{"line":1,"column":72},"end":{"line":1,"column":89}},"4":{"start":{"line":1,"column":89},"end":{"line":1,"column":null}},"5":{"start":{"line":2,"column":22},"end":{"line":2,"column":null}}},"fnMap":{"0":{"name":"(anonymous_52)","decl":{"start":{"line":1,"column":13},"end":{"line":1,"column":26}},"loc":{"start":{"line":1,"column":13},"end":{"line":1,"column":null}}}},"branchMap":{"0":{"loc":{"start":{"line":1,"column":72},"end":{"line":1,"column":89}},"type":"binary-expr","locations":[{"start":{"line":1,"column":72},"end":{"line":1,"column":86}},{"start":{"line":1,"column":86},"end":{"line":1,"column":89}}]}},"s":{"0":0,"1":0,"2":0,"3":0,"4":0,"5":0},"f":{"0":0},"b":{"0":[0,0]}}
,"C:\\Users\\s541910\\Projects\\Gdp-2\\intermangaer-ui\\dist\\js\\webpack:\\src\\components\\Semantic\\Header.vue": {"path":"C:\\Users\\s541910\\Projects\\Gdp-2\\intermangaer-ui\\dist\\js\\webpack:\\src\\components\\Semantic\\Header.vue","statementMap":{"0":{"start":{"line":43,"column":0},"end":{"line":43,"column":null}},"1":{"start":{"line":46,"column":4},"end":{"line":48,"column":null}},"2":{"start":{"line":54,"column":6},"end":{"line":64,"column":1}},"3":{"start":{"line":64,"column":0},"end":{"line":64,"column":2}},"4":{"start":{"line":64,"column":4},"end":{"line":64,"column":2}},"5":{"start":{"line":64,"column":0},"end":{"line":65,"column":null}},"6":{"start":{"line":71,"column":6},"end":{"line":1,"column":350}}},"fnMap":{"0":{"name":"(anonymous_46)","decl":{"start":{"line":43,"column":0},"end":{"line":43,"column":null}},"loc":{"start":{"line":43,"column":0},"end":{"line":48,"column":null}}},"1":{"name":"(anonymous_47)","decl":{"start":{"line":52,"column":0},"end":{"line":52,"column":2}},"loc":{"start":{"line":52,"column":0},"end":{"line":54,"column":6}}},"2":{"name":"e","decl":{"start":{"line":64,"column":0},"end":{"line":64,"column":2}},"loc":{"start":{"line":64,"column":0},"end":{"line":64,"column":2}}},"3":{"name":"(anonymous_51)","decl":{"start":{"line":68,"column":0},"end":{"line":68,"column":2}},"loc":{"start":{"line":68,"column":0},"end":{"line":71,"column":6}}}},"branchMap":{"0":{"loc":{"start":{"line":64,"column":0},"end":{"line":64,"column":2}},"type":"switch","locations":[{"start":{"line":64,"column":0},"end":{"line":65,"column":null}},{"start":{"line":64,"column":0},"end":{"line":64,"column":2}},{"start":{"line":64,"column":0},"end":{"line":64,"column":2}}]}},"s":{"0":0,"1":0,"2":0,"3":0,"4":0,"5":0,"6":0},"f":{"0":0,"1":0,"2":0,"3":0},"b":{"0":[0,0,0]}}
,"C:\\Users\\s541910\\Projects\\Gdp-2\\intermangaer-ui\\dist\\js\\webpack:\\src\\components\\Semantic\\Header.vue?3de0": {"path":"C:\\Users\\s541910\\Projects\\Gdp-2\\intermangaer-ui\\dist\\js\\webpack:\\src\\components\\Semantic\\Header.vue?3de0","statementMap":{"0":{"start":{"line":1,"column":351},"end":{"line":1,"column":null}}},"fnMap":{},"branchMap":{},"s":{"0":0},"f":{},"b":{}}
,"C:\\Users\\s541910\\Projects\\Gdp-2\\intermangaer-ui\\dist\\js\\webpack:\\src\\components\\Semantic\\Header.vue?5a68": {"path":"C:\\Users\\s541910\\Projects\\Gdp-2\\intermangaer-ui\\dist\\js\\webpack:\\src\\components\\Semantic\\Header.vue?5a68","statementMap":{"0":{"start":{"line":9,"column":4},"end":{"line":9,"column":16}},"1":{"start":{"line":9,"column":16},"end":{"line":16,"column":null}}},"fnMap":{},"branchMap":{},"s":{"0":0,"1":0},"f":{},"b":{}}
,"C:\\Users\\s541910\\Projects\\Gdp-2\\intermangaer-ui\\dist\\js\\webpack:\\src\\components\\Semantic\\Header.vue?5b92": {"path":"C:\\Users\\s541910\\Projects\\Gdp-2\\intermangaer-ui\\dist\\js\\webpack:\\src\\components\\Semantic\\Header.vue?5b92","statementMap":{"0":{"start":{"line":1,"column":13},"end":{"line":1,"column":null}},"1":{"start":{"line":1,"column":34},"end":{"line":1,"column":43}},"2":{"start":{"line":1,"column":46},"end":{"line":1,"column":69}},"3":{"start":{"line":1,"column":72},"end":{"line":1,"column":89}},"4":{"start":{"line":1,"column":89},"end":{"line":1,"column":null}},"5":{"start":{"line":1,"column":1044},"end":{"line":1,"column":1192}},"6":{"start":{"line":2,"column":22},"end":{"line":2,"column":null}}},"fnMap":{"0":{"name":"(anonymous_44)","decl":{"start":{"line":1,"column":13},"end":{"line":1,"column":26}},"loc":{"start":{"line":1,"column":13},"end":{"line":1,"column":null}}},"1":{"name":"(anonymous_45)","decl":{"start":{"line":1,"column":1033},"end":{"line":1,"column":1044}},"loc":{"start":{"line":1,"column":1033},"end":{"line":1,"column":1192}}}},"branchMap":{"0":{"loc":{"start":{"line":1,"column":72},"end":{"line":1,"column":89}},"type":"binary-expr","locations":[{"start":{"line":1,"column":72},"end":{"line":1,"column":86}},{"start":{"line":1,"column":86},"end":{"line":1,"column":89}}]},"1":{"loc":{"start":{"line":1,"column":577},"end":{"line":1,"column":1397}},"type":"cond-expr","locations":[{"start":{"line":1,"column":586},"end":{"line":1,"column":1385}},{"start":{"line":1,"column":1385},"end":{"line":1,"column":1397}}]},"2":{"loc":{"start":{"line":1,"column":643},"end":{"line":1,"column":892}},"type":"cond-expr","locations":[{"start":{"line":1,"column":892},"end":{"line":1,"column":901}},{"start":{"line":1,"column":659},"end":{"line":1,"column":892}}]},"3":{"loc":{"start":{"line":1,"column":707},"end":{"line":1,"column":879}},"type":"cond-expr","locations":[{"start":{"line":1,"column":879},"end":{"line":1,"column":889}},{"start":{"line":1,"column":723},"end":{"line":1,"column":879}}]},"4":{"loc":{"start":{"line":1,"column":937},"end":{"line":1,"column":1376}},"type":"cond-expr","locations":[{"start":{"line":1,"column":943},"end":{"line":1,"column":1366}},{"start":{"line":1,"column":1366},"end":{"line":1,"column":1376}}]}},"s":{"0":0,"1":0,"2":0,"3":0,"4":0,"5":0,"6":0},"f":{"0":0,"1":0},"b":{"0":[0,0],"1":[0,0],"2":[0,0],"3":[0,0],"4":[0,0]}}
,"C:\\Users\\s541910\\Projects\\Gdp-2\\intermangaer-ui\\dist\\js\\webpack:\\src\\components\\Semantic\\Header.vue?eeec": {"path":"C:\\Users\\s541910\\Projects\\Gdp-2\\intermangaer-ui\\dist\\js\\webpack:\\src\\components\\Semantic\\Header.vue?eeec","statementMap":{"0":{"start":{"line":1,"column":0},"end":{"line":1,"column":null}}},"fnMap":{"0":{"name":"(anonymous_29)","decl":{"start":{"line":1,"column":0},"end":{"line":1,"column":null}},"loc":{"start":{"line":1,"column":0},"end":{"line":1,"column":null}}}},"branchMap":{},"s":{"0":0},"f":{"0":0},"b":{}}
,"C:\\Users\\s541910\\Projects\\Gdp-2\\intermangaer-ui\\dist\\js\\webpack:\\src\\components\\Utils\\Loader.vue": {"path":"C:\\Users\\s541910\\Projects\\Gdp-2\\intermangaer-ui\\dist\\js\\webpack:\\src\\components\\Utils\\Loader.vue","statementMap":{"0":{"start":{"line":11,"column":0},"end":{"line":16,"column":null}}},"fnMap":{},"branchMap":{},"s":{"0":0},"f":{},"b":{}}
,"C:\\Users\\s541910\\Projects\\Gdp-2\\intermangaer-ui\\dist\\js\\webpack:\\src\\components\\Utils\\Loader.vue?a51f": {"path":"C:\\Users\\s541910\\Projects\\Gdp-2\\intermangaer-ui\\dist\\js\\webpack:\\src\\components\\Utils\\Loader.vue?a51f","statementMap":{"0":{"start":{"line":1,"column":351},"end":{"line":1,"column":null}}},"fnMap":{},"branchMap":{},"s":{"0":0},"f":{},"b":{}}
,"C:\\Users\\s541910\\Projects\\Gdp-2\\intermangaer-ui\\dist\\js\\webpack:\\src\\components\\Utils\\Loader.vue?d72a": {"path":"C:\\Users\\s541910\\Projects\\Gdp-2\\intermangaer-ui\\dist\\js\\webpack:\\src\\components\\Utils\\Loader.vue?d72a","statementMap":{"0":{"start":{"line":1,"column":0},"end":{"line":1,"column":null}}},"fnMap":{"0":{"name":"(anonymous_27)","decl":{"start":{"line":1,"column":0},"end":{"line":1,"column":null}},"loc":{"start":{"line":1,"column":0},"end":{"line":1,"column":null}}}},"branchMap":{},"s":{"0":0},"f":{"0":0},"b":{}}
,"C:\\Users\\s541910\\Projects\\Gdp-2\\intermangaer-ui\\dist\\js\\webpack:\\src\\components\\Utils\\Loader.vue?fbeb": {"path":"C:\\Users\\s541910\\Projects\\Gdp-2\\intermangaer-ui\\dist\\js\\webpack:\\src\\components\\Utils\\Loader.vue?fbeb","statementMap":{"0":{"start":{"line":1,"column":13},"end":{"line":1,"column":null}},"1":{"start":{"line":1,"column":34},"end":{"line":1,"column":43}},"2":{"start":{"line":1,"column":46},"end":{"line":1,"column":69}},"3":{"start":{"line":1,"column":72},"end":{"line":1,"column":89}},"4":{"start":{"line":1,"column":89},"end":{"line":1,"column":null}},"5":{"start":{"line":2,"column":22},"end":{"line":2,"column":null}}},"fnMap":{"0":{"name":"(anonymous_69)","decl":{"start":{"line":1,"column":13},"end":{"line":1,"column":26}},"loc":{"start":{"line":1,"column":13},"end":{"line":1,"column":null}}}},"branchMap":{"0":{"loc":{"start":{"line":1,"column":72},"end":{"line":1,"column":89}},"type":"binary-expr","locations":[{"start":{"line":1,"column":72},"end":{"line":1,"column":86}},{"start":{"line":1,"column":86},"end":{"line":1,"column":89}}]},"1":{"loc":{"start":{"line":1,"column":97},"end":{"line":1,"column":null}},"type":"cond-expr","locations":[{"start":{"line":1,"column":107},"end":{"line":1,"column":314}},{"start":{"line":1,"column":314},"end":{"line":1,"column":null}}]}},"s":{"0":0,"1":0,"2":0,"3":0,"4":0,"5":0},"f":{"0":0},"b":{"0":[0,0],"1":[0,0]}}
,"C:\\Users\\s541910\\Projects\\Gdp-2\\intermangaer-ui\\dist\\js\\webpack:\\src\\data\\py-departments-data.js": {"path":"C:\\Users\\s541910\\Projects\\Gdp-2\\intermangaer-ui\\dist\\js\\webpack:\\src\\data\\py-departments-data.js","statementMap":{"0":{"start":{"line":1,"column":11},"end":{"line":1,"column":32}},"1":{"start":{"line":1,"column":32},"end":{"line":52,"column":null}}},"fnMap":{},"branchMap":{},"s":{"0":0,"1":0},"f":{},"b":{}}
,"C:\\Users\\s541910\\Projects\\Gdp-2\\intermangaer-ui\\dist\\js\\webpack:\\src\\router\\index.js": {"path":"C:\\Users\\s541910\\Projects\\Gdp-2\\intermangaer-ui\\dist\\js\\webpack:\\src\\router\\index.js","statementMap":{"0":{"start":{"line":16,"column":0},"end":{"line":16,"column":4}},"1":{"start":{"line":16,"column":0},"end":{"line":16,"column":null}},"2":{"start":{"line":18,"column":15},"end":{"line":110,"column":null}},"3":{"start":{"line":72,"column":14},"end":{"line":73,"column":null}},"4":{"start":{"line":83,"column":14},"end":{"line":84,"column":null}},"5":{"start":{"line":95,"column":15},"end":{"line":96,"column":null}},"6":{"start":{"line":116,"column":15},"end":{"line":118,"column":null}},"7":{"start":{"line":122,"column":0},"end":{"line":165,"column":null}},"8":{"start":{"line":123,"column":2},"end":{"line":165,"column":null}},"9":{"start":{"line":123,"column":22},"end":{"line":123,"column":null}},"10":{"start":{"line":124,"column":4},"end":{"line":125,"column":null}},"11":{"start":{"line":127,"column":17},"end":{"line":127,"column":null}},"12":{"start":{"line":128,"column":6},"end":{"line":151,"column":null}},"13":{"start":{"line":129,"column":26},"end":{"line":129,"column":null}},"14":{"start":{"line":125,"column":6},"end":{"line":125,"column":null}},"15":{"start":{"line":158,"column":13},"end":{"line":165,"column":null}},"16":{"start":{"line":158,"column":29},"end":{"line":158,"column":null}},"17":{"start":{"line":170,"column":15},"end":{"line":170,"column":null}}},"fnMap":{"0":{"name":"(anonymous_372)","decl":{"start":{"line":72,"column":14},"end":{"line":72,"column":null}},"loc":{"start":{"line":72,"column":14},"end":{"line":73,"column":null}}},"1":{"name":"(anonymous_373)","decl":{"start":{"line":83,"column":14},"end":{"line":83,"column":null}},"loc":{"start":{"line":83,"column":14},"end":{"line":84,"column":null}}},"2":{"name":"(anonymous_374)","decl":{"start":{"line":95,"column":15},"end":{"line":95,"column":null}},"loc":{"start":{"line":95,"column":15},"end":{"line":96,"column":null}}},"3":{"name":"(anonymous_375)","decl":{"start":{"line":122,"column":18},"end":{"line":122,"column":19}},"loc":{"start":{"line":122,"column":29},"end":{"line":165,"column":null}}},"4":{"name":"(anonymous_376)","decl":{"start":{"line":123,"column":22},"end":{"line":123,"column":23}},"loc":{"start":{"line":123,"column":23},"end":{"line":123,"column":null}}},"5":{"name":"(anonymous_377)","decl":{"start":{"line":129,"column":26},"end":{"line":129,"column":27}},"loc":{"start":{"line":129,"column":27},"end":{"line":129,"column":null}}},"6":{"name":"(anonymous_378)","decl":{"start":{"line":158,"column":29},"end":{"line":158,"column":30}},"loc":{"start":{"line":158,"column":30},"end":{"line":158,"column":null}}}},"branchMap":{"0":{"loc":{"start":{"line":123,"column":2},"end":{"line":165,"column":null}},"type":"if","locations":[{"start":{"line":123,"column":2},"end":{"line":165,"column":null}},{"start":{"line":158,"column":13},"end":{"line":165,"column":null}}]},"1":{"loc":{"start":{"line":124,"column":4},"end":{"line":125,"column":null}},"type":"if","locations":[{"start":{"line":124,"column":4},"end":{"line":125,"column":null}},{"start":{"line":125,"column":6},"end":{"line":125,"column":null}}]},"2":{"loc":{"start":{"line":124,"column":9},"end":{"line":124,"column":46}},"type":"binary-expr","locations":[{"start":{"line":124,"column":9},"end":{"line":124,"column":35}},{"start":{"line":124,"column":46},"end":{"line":126,"column":10}}]},"3":{"loc":{"start":{"line":129,"column":10},"end":{"line":151,"column":null}},"type":"binary-expr","locations":[{"start":{"line":129,"column":10},"end":{"line":129,"column":null}},{"start":{"line":130,"column":21},"end":{"line":151,"column":null}}]},"4":{"loc":{"start":{"line":130,"column":21},"end":{"line":151,"column":null}},"type":"cond-expr","locations":[{"start":{"line":131,"column":23},"end":{"line":134,"column":null}},{"start":{"line":136,"column":25},"end":{"line":151,"column":null}}]},"5":{"loc":{"start":{"line":131,"column":23},"end":{"line":132,"column":null}},"type":"binary-expr","locations":[{"start":{"line":131,"column":23},"end":{"line":132,"column":11}},{"start":{"line":132,"column":12},"end":{"line":132,"column":null}}]},"6":{"loc":{"start":{"line":136,"column":25},"end":{"line":151,"column":null}},"type":"cond-expr","locations":[{"start":{"line":137,"column":25},"end":{"line":142,"column":null}},{"start":{"line":146,"column":22},"end":{"line":151,"column":null}}]},"7":{"loc":{"start":{"line":137,"column":25},"end":{"line":142,"column":null}},"type":"cond-expr","locations":[{"start":{"line":139,"column":11},"end":{"line":139,"column":null}},{"start":{"line":142,"column":14},"end":{"line":142,"column":null}}]},"8":{"loc":{"start":{"line":137,"column":25},"end":{"line":137,"column":113}},"type":"binary-expr","locations":[{"start":{"line":137,"column":25},"end":{"line":137,"column":57}},{"start":{"line":137,"column":58},"end":{"line":137,"column":86}},{"start":{"line":137,"column":87},"end":{"line":137,"column":112}},{"start":{"line":137,"column":113},"end":{"line":139,"column":10}}]},"9":{"loc":{"start":{"line":146,"column":22},"end":{"line":151,"column":null}},"type":"cond-expr","locations":[{"start":{"line":148,"column":12},"end":{"line":148,"column":null}},{"start":{"line":151,"column":15},"end":{"line":151,"column":null}}]},"10":{"loc":{"start":{"line":146,"column":22},"end":{"line":146,"column":46}},"type":"binary-expr","locations":[{"start":{"line":146,"column":22},"end":{"line":146,"column":45}},{"start":{"line":146,"column":46},"end":{"line":148,"column":11}}]},"11":{"loc":{"start":{"line":158,"column":13},"end":{"line":165,"column":null}},"type":"cond-expr","locations":[{"start":{"line":160,"column":6},"end":{"line":160,"column":null}},{"start":{"line":165,"column":3},"end":{"line":165,"column":null}}]},"12":{"loc":{"start":{"line":158,"column":13},"end":{"line":159,"column":null}},"type":"binary-expr","locations":[{"start":{"line":158,"column":13},"end":{"line":158,"column":null}},{"start":{"line":159,"column":8},"end":{"line":159,"column":null}}]}},"s":{"0":0,"1":0,"2":0,"3":0,"4":0,"5":0,"6":0,"7":0,"8":0,"9":0,"10":0,"11":0,"12":0,"13":0,"14":0,"15":0,"16":0,"17":0},"f":{"0":0,"1":0,"2":0,"3":0,"4":0,"5":0,"6":0},"b":{"0":[0,0],"1":[0,0],"2":[0,0],"3":[0,0],"4":[0,0],"5":[0,0],"6":[0,0],"7":[0,0],"8":[0,0,0,0],"9":[0,0],"10":[0,0],"11":[0,0],"12":[0,0]}}
,"C:\\Users\\s541910\\Projects\\Gdp-2\\intermangaer-ui\\dist\\js\\webpack:\\src\\store\\index.js": {"path":"C:\\Users\\s541910\\Projects\\Gdp-2\\intermangaer-ui\\dist\\js\\webpack:\\src\\store\\index.js","statementMap":{"0":{"start":{"line":6,"column":0},"end":{"line":6,"column":null}},"1":{"start":{"line":9,"column":15},"end":{"line":11,"column":null}}},"fnMap":{},"branchMap":{},"s":{"0":0,"1":0},"f":{},"b":{}}
,"C:\\Users\\s541910\\Projects\\Gdp-2\\intermangaer-ui\\dist\\js\\webpack:\\src\\store\\modules\\token.js": {"path":"C:\\Users\\s541910\\Projects\\Gdp-2\\intermangaer-ui\\dist\\js\\webpack:\\src\\store\\modules\\token.js","statementMap":{"0":{"start":{"line":6,"column":1},"end":{"line":6,"column":7}},"1":{"start":{"line":6,"column":1},"end":{"line":6,"column":null}},"2":{"start":{"line":8,"column":14},"end":{"line":12,"column":null}},"3":{"start":{"line":15,"column":16},"end":{"line":20,"column":null}},"4":{"start":{"line":17,"column":4},"end":{"line":17,"column":27}},"5":{"start":{"line":20,"column":4},"end":{"line":20,"column":null}},"6":{"start":{"line":24,"column":18},"end":{"line":32,"column":null}},"7":{"start":{"line":27,"column":4},"end":{"line":28,"column":null}},"8":{"start":{"line":31,"column":4},"end":{"line":32,"column":null}},"9":{"start":{"line":36,"column":16},"end":{"line":72,"column":null}},"10":{"start":{"line":38,"column":4},"end":{"line":60,"column":null}},"11":{"start":{"line":39,"column":6},"end":{"line":60,"column":null}},"12":{"start":{"line":42,"column":24},"end":{"line":42,"column":null}},"13":{"start":{"line":43,"column":10},"end":{"line":44,"column":null}},"14":{"start":{"line":45,"column":28},"end":{"line":48,"column":null}},"15":{"start":{"line":51,"column":10},"end":{"line":55,"column":null}},"16":{"start":{"line":58,"column":10},"end":{"line":60,"column":null}},"17":{"start":{"line":66,"column":27},"end":{"line":67,"column":3}},"18":{"start":{"line":67,"column":4},"end":{"line":72,"column":null}},"19":{"start":{"line":68,"column":6},"end":{"line":72,"column":null}},"20":{"start":{"line":77,"column":15},"end":{"line":81,"column":null}}},"fnMap":{"0":{"name":"(anonymous_55)","decl":{"start":{"line":16,"column":12},"end":{"line":16,"column":13}},"loc":{"start":{"line":16,"column":13},"end":{"line":17,"column":27}}},"1":{"name":"(anonymous_56)","decl":{"start":{"line":19,"column":15},"end":{"line":19,"column":16}},"loc":{"start":{"line":19,"column":16},"end":{"line":20,"column":null}}},"2":{"name":"(anonymous_57)","decl":{"start":{"line":25,"column":16},"end":{"line":25,"column":17}},"loc":{"start":{"line":25,"column":24},"end":{"line":28,"column":null}}},"3":{"name":"(anonymous_58)","decl":{"start":{"line":30,"column":19},"end":{"line":30,"column":20}},"loc":{"start":{"line":30,"column":20},"end":{"line":32,"column":null}}},"4":{"name":"(anonymous_59)","decl":{"start":{"line":37,"column":17},"end":{"line":37,"column":18}},"loc":{"start":{"line":37,"column":27},"end":{"line":60,"column":null}}},"5":{"name":"(anonymous_60)","decl":{"start":{"line":38,"column":23},"end":{"line":38,"column":24}},"loc":{"start":{"line":38,"column":33},"end":{"line":60,"column":null}}},"6":{"name":"(anonymous_61)","decl":{"start":{"line":41,"column":14},"end":{"line":41,"column":15}},"loc":{"start":{"line":41,"column":15},"end":{"line":55,"column":null}}},"7":{"name":"(anonymous_62)","decl":{"start":{"line":57,"column":15},"end":{"line":57,"column":16}},"loc":{"start":{"line":57,"column":16},"end":{"line":60,"column":null}}},"8":{"name":"(anonymous_63)","decl":{"start":{"line":36,"column":16},"end":{"line":36,"column":null}},"loc":{"start":{"line":36,"column":16},"end":{"line":72,"column":null}}},"9":{"name":"(anonymous_64)","decl":{"start":{"line":67,"column":23},"end":{"line":67,"column":24}},"loc":{"start":{"line":67,"column":33},"end":{"line":72,"column":null}}}},"branchMap":{"0":{"loc":{"start":{"line":9,"column":9},"end":{"line":9,"column":null}},"type":"binary-expr","locations":[{"start":{"line":9,"column":9},"end":{"line":9,"column":51}},{"start":{"line":9,"column":51},"end":{"line":9,"column":null}}]},"1":{"loc":{"start":{"line":10,"column":15},"end":{"line":12,"column":null}},"type":"cond-expr","locations":[{"start":{"line":11,"column":6},"end":{"line":11,"column":null}},{"start":{"line":12,"column":6},"end":{"line":12,"column":null}}]}},"s":{"0":0,"1":0,"2":0,"3":0,"4":0,"5":0,"6":0,"7":0,"8":0,"9":0,"10":0,"11":0,"12":0,"13":0,"14":0,"15":0,"16":0,"17":0,"18":0,"19":0,"20":0},"f":{"0":0,"1":0,"2":0,"3":0,"4":0,"5":0,"6":0,"7":0,"8":0,"9":0},"b":{"0":[0,0],"1":[0,0]}}
,"C:\\Users\\s541910\\Projects\\Gdp-2\\intermangaer-ui\\dist\\js\\webpack:\\src\\views\\Applications.vue": {"path":"C:\\Users\\s541910\\Projects\\Gdp-2\\intermangaer-ui\\dist\\js\\webpack:\\src\\views\\Applications.vue","statementMap":{"0":{"start":{"line":225,"column":0},"end":{"line":500,"column":null}},"1":{"start":{"line":229,"column":4},"end":{"line":299,"column":null}},"2":{"start":{"line":303,"column":0},"end":{"line":303,"column":2}},"3":{"start":{"line":303,"column":0},"end":{"line":305,"column":null}},"4":{"start":{"line":306,"column":0},"end":{"line":306,"column":null}},"5":{"start":{"line":311,"column":0},"end":{"line":311,"column":6}},"6":{"start":{"line":312,"column":6},"end":{"line":314,"column":3}},"7":{"start":{"line":316,"column":6},"end":{"line":319,"column":8}},"8":{"start":{"line":317,"column":8},"end":{"line":318,"column":-1}},"9":{"start":{"line":319,"column":8},"end":{"line":326,"column":1}},"10":{"start":{"line":327,"column":0},"end":{"line":327,"column":4}},"11":{"start":{"line":327,"column":0},"end":{"line":341,"column":null}},"12":{"start":{"line":331,"column":0},"end":{"line":338,"column":null}},"13":{"start":{"line":334,"column":0},"end":{"line":335,"column":null}},"14":{"start":{"line":341,"column":0},"end":{"line":341,"column":null}},"15":{"start":{"line":346,"column":0},"end":{"line":346,"column":4}},"16":{"start":{"line":346,"column":0},"end":{"line":364,"column":null}},"17":{"start":{"line":349,"column":0},"end":{"line":350,"column":null}},"18":{"start":{"line":352,"column":0},"end":{"line":358,"column":null}},"19":{"start":{"line":351,"column":0},"end":{"line":351,"column":null}},"20":{"start":{"line":352,"column":0},"end":{"line":352,"column":null}},"21":{"start":{"line":353,"column":0},"end":{"line":358,"column":null}},"22":{"start":{"line":353,"column":0},"end":{"line":353,"column":null}},"23":{"start":{"line":354,"column":0},"end":{"line":358,"column":null}},"24":{"start":{"line":361,"column":0},"end":{"line":361,"column":null}},"25":{"start":{"line":364,"column":0},"end":{"line":364,"column":null}},"26":{"start":{"line":370,"column":0},"end":{"line":370,"column":4}},"27":{"start":{"line":371,"column":6},"end":{"line":379,"column":8}},"28":{"start":{"line":375,"column":8},"end":{"line":376,"column":8}},"29":{"start":{"line":379,"column":8},"end":{"line":386,"column":3}},"30":{"start":{"line":387,"column":6},"end":{"line":408,"column":null}},"31":{"start":{"line":411,"column":6},"end":{"line":414,"column":null}},"32":{"start":{"line":418,"column":6},"end":{"line":419,"column":null}},"33":{"start":{"line":423,"column":0},"end":{"line":423,"column":4}},"34":{"start":{"line":424,"column":6},"end":{"line":443,"column":8}},"35":{"start":{"line":428,"column":8},"end":{"line":429,"column":7}},"36":{"start":{"line":429,"column":0},"end":{"line":429,"column":8}},"37":{"start":{"line":430,"column":8},"end":{"line":431,"column":7}},"38":{"start":{"line":431,"column":8},"end":{"line":437,"column":12}},"39":{"start":{"line":431,"column":0},"end":{"line":431,"column":8}},"40":{"start":{"line":432,"column":10},"end":{"line":437,"column":12}},"41":{"start":{"line":432,"column":0},"end":{"line":432,"column":10}},"42":{"start":{"line":433,"column":12},"end":{"line":437,"column":12}},"43":{"start":{"line":440,"column":8},"end":{"line":442,"column":-1}},"44":{"start":{"line":443,"column":8},"end":{"line":448,"column":3}},"45":{"start":{"line":449,"column":6},"end":{"line":456,"column":null}},"46":{"start":{"line":459,"column":6},"end":{"line":461,"column":null}},"47":{"start":{"line":465,"column":6},"end":{"line":475,"column":null}},"48":{"start":{"line":479,"column":6},"end":{"line":481,"column":null}},"49":{"start":{"line":485,"column":6},"end":{"line":491,"column":null}},"50":{"start":{"line":494,"column":6},"end":{"line":496,"column":null}},"51":{"start":{"line":500,"column":6},"end":{"line":500,"column":null}}},"fnMap":{"0":{"name":"(anonymous_337)","decl":{"start":{"line":225,"column":0},"end":{"line":225,"column":null}},"loc":{"start":{"line":225,"column":0},"end":{"line":299,"column":null}}},"1":{"name":"e","decl":{"start":{"line":303,"column":0},"end":{"line":303,"column":2}},"loc":{"start":{"line":303,"column":0},"end":{"line":303,"column":2}}},"2":{"name":"(anonymous_341)","decl":{"start":{"line":309,"column":0},"end":{"line":309,"column":2}},"loc":{"start":{"line":309,"column":0},"end":{"line":312,"column":6}}},"3":{"name":"(anonymous_343)","decl":{"start":{"line":317,"column":0},"end":{"line":317,"column":8}},"loc":{"start":{"line":317,"column":0},"end":{"line":317,"column":8}}},"4":{"name":"(anonymous_344)","decl":{"start":{"line":318,"column":0},"end":{"line":318,"column":null}},"loc":{"start":{"line":318,"column":0},"end":{"line":319,"column":8}}},"5":{"name":"(anonymous_345)","decl":{"start":{"line":326,"column":0},"end":{"line":326,"column":2}},"loc":{"start":{"line":326,"column":0},"end":{"line":327,"column":4}}},"6":{"name":"e","decl":{"start":{"line":327,"column":0},"end":{"line":327,"column":4}},"loc":{"start":{"line":327,"column":0},"end":{"line":327,"column":4}}},"7":{"name":"(anonymous_348)","decl":{"start":{"line":330,"column":0},"end":{"line":330,"column":null}},"loc":{"start":{"line":330,"column":0},"end":{"line":338,"column":null}}},"8":{"name":"(anonymous_349)","decl":{"start":{"line":333,"column":0},"end":{"line":333,"column":null}},"loc":{"start":{"line":333,"column":0},"end":{"line":335,"column":null}}},"9":{"name":"(anonymous_350)","decl":{"start":{"line":340,"column":0},"end":{"line":340,"column":null}},"loc":{"start":{"line":340,"column":0},"end":{"line":341,"column":null}}},"10":{"name":"a","decl":{"start":{"line":346,"column":0},"end":{"line":346,"column":4}},"loc":{"start":{"line":346,"column":0},"end":{"line":346,"column":4}}},"11":{"name":"(anonymous_354)","decl":{"start":{"line":348,"column":0},"end":{"line":348,"column":null}},"loc":{"start":{"line":348,"column":0},"end":{"line":361,"column":null}}},"12":{"name":"(anonymous_355)","decl":{"start":{"line":363,"column":0},"end":{"line":363,"column":null}},"loc":{"start":{"line":363,"column":0},"end":{"line":364,"column":null}}},"13":{"name":"(anonymous_356)","decl":{"start":{"line":370,"column":14},"end":{"line":370,"column":null}},"loc":{"start":{"line":370,"column":0},"end":{"line":379,"column":8}}},"14":{"name":"(anonymous_357)","decl":{"start":{"line":373,"column":0},"end":{"line":373,"column":null}},"loc":{"start":{"line":373,"column":0},"end":{"line":376,"column":8}}},"15":{"name":"(anonymous_358)","decl":{"start":{"line":378,"column":0},"end":{"line":378,"column":null}},"loc":{"start":{"line":378,"column":0},"end":{"line":379,"column":8}}},"16":{"name":"(anonymous_363)","decl":{"start":{"line":426,"column":0},"end":{"line":426,"column":null}},"loc":{"start":{"line":426,"column":0},"end":{"line":440,"column":8}}},"17":{"name":"(anonymous_364)","decl":{"start":{"line":442,"column":0},"end":{"line":442,"column":null}},"loc":{"start":{"line":442,"column":0},"end":{"line":443,"column":8}}}},"branchMap":{"0":{"loc":{"start":{"line":303,"column":0},"end":{"line":303,"column":2}},"type":"switch","locations":[{"start":{"line":303,"column":0},"end":{"line":305,"column":null}},{"start":{"line":303,"column":0},"end":{"line":306,"column":null}},{"start":{"line":303,"column":0},"end":{"line":303,"column":2}},{"start":{"line":303,"column":0},"end":{"line":303,"column":2}}]},"1":{"loc":{"start":{"line":327,"column":0},"end":{"line":327,"column":4}},"type":"switch","locations":[{"start":{"line":327,"column":0},"end":{"line":341,"column":null}},{"start":{"line":327,"column":0},"end":{"line":327,"column":4}},{"start":{"line":327,"column":0},"end":{"line":327,"column":4}}]},"2":{"loc":{"start":{"line":346,"column":0},"end":{"line":346,"column":4}},"type":"switch","locations":[{"start":{"line":346,"column":0},"end":{"line":364,"column":null}},{"start":{"line":346,"column":0},"end":{"line":346,"column":4}},{"start":{"line":346,"column":0},"end":{"line":346,"column":4}}]},"3":{"loc":{"start":{"line":390,"column":10},"end":{"line":406,"column":null}},"type":"cond-expr","locations":[{"start":{"line":391,"column":8},"end":{"line":403,"column":null}},{"start":{"line":406,"column":8},"end":{"line":406,"column":null}}]},"4":{"loc":{"start":{"line":451,"column":10},"end":{"line":452,"column":null}},"type":"binary-expr","locations":[{"start":{"line":451,"column":10},"end":{"line":451,"column":null}},{"start":{"line":452,"column":8},"end":{"line":452,"column":null}}]},"5":{"loc":{"start":{"line":467,"column":10},"end":{"line":470,"column":null}},"type":"binary-expr","locations":[{"start":{"line":467,"column":10},"end":{"line":467,"column":null}},{"start":{"line":468,"column":8},"end":{"line":470,"column":null}}]},"6":{"loc":{"start":{"line":486,"column":10},"end":{"line":487,"column":null}},"type":"binary-expr","locations":[{"start":{"line":486,"column":10},"end":{"line":486,"column":null}},{"start":{"line":487,"column":8},"end":{"line":487,"column":null}}]}},"s":{"0":0,"1":0,"2":0,"3":0,"4":0,"5":0,"6":0,"7":0,"8":0,"9":0,"10":0,"11":0,"12":0,"13":0,"14":0,"15":0,"16":0,"17":0,"18":0,"19":0,"20":0,"21":0,"22":0,"23":0,"24":0,"25":0,"26":0,"27":0,"28":0,"29":0,"30":0,"31":0,"32":0,"33":0,"34":0,"35":0,"36":0,"37":0,"38":0,"39":0,"40":0,"41":0,"42":0,"43":0,"44":0,"45":0,"46":0,"47":0,"48":0,"49":0,"50":0,"51":0},"f":{"0":0,"1":0,"2":0,"3":0,"4":0,"5":0,"6":0,"7":0,"8":0,"9":0,"10":0,"11":0,"12":0,"13":0,"14":0,"15":0,"16":0,"17":0},"b":{"0":[0,0,0,0],"1":[0,0,0],"2":[0,0,0],"3":[0,0],"4":[0,0],"5":[0,0],"6":[0,0]}}
,"C:\\Users\\s541910\\Projects\\Gdp-2\\intermangaer-ui\\dist\\js\\webpack:\\src\\views\\Applications.vue?5a9c": {"path":"C:\\Users\\s541910\\Projects\\Gdp-2\\intermangaer-ui\\dist\\js\\webpack:\\src\\views\\Applications.vue?5a9c","statementMap":{"0":{"start":{"line":1,"column":0},"end":{"line":1,"column":null}}},"fnMap":{"0":{"name":"(anonymous_41)","decl":{"start":{"line":1,"column":0},"end":{"line":1,"column":null}},"loc":{"start":{"line":1,"column":0},"end":{"line":1,"column":null}}}},"branchMap":{},"s":{"0":0},"f":{"0":0},"b":{}}
,"C:\\Users\\s541910\\Projects\\Gdp-2\\intermangaer-ui\\dist\\js\\webpack:\\src\\views\\Applications.vue?9e90": {"path":"C:\\Users\\s541910\\Projects\\Gdp-2\\intermangaer-ui\\dist\\js\\webpack:\\src\\views\\Applications.vue?9e90","statementMap":{"0":{"start":{"line":1,"column":13},"end":{"line":1,"column":null}},"1":{"start":{"line":1,"column":34},"end":{"line":1,"column":43}},"2":{"start":{"line":1,"column":46},"end":{"line":1,"column":69}},"3":{"start":{"line":1,"column":72},"end":{"line":1,"column":89}},"4":{"start":{"line":1,"column":89},"end":{"line":1,"column":null}},"5":{"start":{"line":1,"column":1024},"end":{"line":1,"column":1041}},"6":{"start":{"line":1,"column":1603},"end":{"line":1,"column":1619}},"7":{"start":{"line":1,"column":2002},"end":{"line":1,"column":2021}},"8":{"start":{"line":1,"column":2055},"end":{"line":1,"column":2074}},"9":{"start":{"line":1,"column":2109},"end":{"line":1,"column":2130}},"10":{"start":{"line":1,"column":2166},"end":{"line":1,"column":2187}},"11":{"start":{"line":1,"column":2273},"end":{"line":1,"column":2373}},"12":{"start":{"line":1,"column":2419},"end":{"line":1,"column":2527}},"13":{"start":{"line":1,"column":2560},"end":{"line":1,"column":2820}},"14":{"start":{"line":1,"column":2703},"end":{"line":1,"column":2758}},"15":{"start":{"line":1,"column":2857},"end":{"line":1,"column":3404}},"16":{"start":{"line":1,"column":3021},"end":{"line":1,"column":3083}},"17":{"start":{"line":1,"column":3281},"end":{"line":1,"column":3315}},"18":{"start":{"line":1,"column":5253},"end":{"line":1,"column":5353}},"19":{"start":{"line":1,"column":5656},"end":{"line":1,"column":5677}},"20":{"start":{"line":1,"column":6065},"end":{"line":1,"column":6106}},"21":{"start":{"line":2,"column":22},"end":{"line":2,"column":null}}},"fnMap":{"0":{"name":"(anonymous_320)","decl":{"start":{"line":1,"column":13},"end":{"line":1,"column":26}},"loc":{"start":{"line":1,"column":13},"end":{"line":1,"column":null}}},"1":{"name":"(anonymous_321)","decl":{"start":{"line":1,"column":1008},"end":{"line":1,"column":1018}},"loc":{"start":{"line":1,"column":1018},"end":{"line":1,"column":1041}}},"2":{"name":"(anonymous_322)","decl":{"start":{"line":1,"column":1587},"end":{"line":1,"column":1597}},"loc":{"start":{"line":1,"column":1597},"end":{"line":1,"column":1619}}},"3":{"name":"(anonymous_323)","decl":{"start":{"line":1,"column":1985},"end":{"line":1,"column":1994}},"loc":{"start":{"line":1,"column":1994},"end":{"line":1,"column":2021}}},"4":{"name":"(anonymous_324)","decl":{"start":{"line":1,"column":2038},"end":{"line":1,"column":2047}},"loc":{"start":{"line":1,"column":2047},"end":{"line":1,"column":2074}}},"5":{"name":"(anonymous_325)","decl":{"start":{"line":1,"column":2092},"end":{"line":1,"column":2101}},"loc":{"start":{"line":1,"column":2101},"end":{"line":1,"column":2130}}},"6":{"name":"(anonymous_326)","decl":{"start":{"line":1,"column":2149},"end":{"line":1,"column":2158}},"loc":{"start":{"line":1,"column":2158},"end":{"line":1,"column":2187}}},"7":{"name":"(anonymous_327)","decl":{"start":{"line":1,"column":2259},"end":{"line":1,"column":2268}},"loc":{"start":{"line":1,"column":2268},"end":{"line":1,"column":2373}}},"8":{"name":"(anonymous_328)","decl":{"start":{"line":1,"column":2405},"end":{"line":1,"column":2414}},"loc":{"start":{"line":1,"column":2414},"end":{"line":1,"column":2527}}},"9":{"name":"(anonymous_329)","decl":{"start":{"line":1,"column":2546},"end":{"line":1,"column":2555}},"loc":{"start":{"line":1,"column":2555},"end":{"line":1,"column":2820}}},"10":{"name":"(anonymous_330)","decl":{"start":{"line":1,"column":2686},"end":{"line":1,"column":2695}},"loc":{"start":{"line":1,"column":2695},"end":{"line":1,"column":2758}}},"11":{"name":"(anonymous_331)","decl":{"start":{"line":1,"column":2843},"end":{"line":1,"column":2852}},"loc":{"start":{"line":1,"column":2852},"end":{"line":1,"column":3404}}},"12":{"name":"(anonymous_332)","decl":{"start":{"line":1,"column":3004},"end":{"line":1,"column":3013}},"loc":{"start":{"line":1,"column":3013},"end":{"line":1,"column":3083}}},"13":{"name":"(anonymous_333)","decl":{"start":{"line":1,"column":3264},"end":{"line":1,"column":3273}},"loc":{"start":{"line":1,"column":3273},"end":{"line":1,"column":3315}}},"14":{"name":"(anonymous_334)","decl":{"start":{"line":1,"column":5233},"end":{"line":1,"column":5242}},"loc":{"start":{"line":1,"column":5248},"end":{"line":1,"column":5353}}},"15":{"name":"(anonymous_335)","decl":{"start":{"line":1,"column":5640},"end":{"line":1,"column":5650}},"loc":{"start":{"line":1,"column":5650},"end":{"line":1,"column":5677}}},"16":{"name":"(anonymous_336)","decl":{"start":{"line":1,"column":6024},"end":{"line":1,"column":6033}},"loc":{"start":{"line":1,"column":6033},"end":{"line":1,"column":6106}}}},"branchMap":{"0":{"loc":{"start":{"line":1,"column":72},"end":{"line":1,"column":89}},"type":"binary-expr","locations":[{"start":{"line":1,"column":72},"end":{"line":1,"column":86}},{"start":{"line":1,"column":86},"end":{"line":1,"column":89}}]},"1":{"loc":{"start":{"line":1,"column":469},"end":{"line":1,"column":5814}},"type":"cond-expr","locations":[{"start":{"line":1,"column":489},"end":{"line":1,"column":5717}},{"start":{"line":1,"column":5717},"end":{"line":1,"column":5814}}]}},"s":{"0":0,"1":0,"2":0,"3":0,"4":0,"5":0,"6":0,"7":0,"8":0,"9":0,"10":0,"11":0,"12":0,"13":0,"14":0,"15":0,"16":0,"17":0,"18":0,"19":0,"20":0,"21":0},"f":{"0":0,"1":0,"2":0,"3":0,"4":0,"5":0,"6":0,"7":0,"8":0,"9":0,"10":0,"11":0,"12":0,"13":0,"14":0,"15":0,"16":0},"b":{"0":[0,0],"1":[0,0]}}
,"C:\\Users\\s541910\\Projects\\Gdp-2\\intermangaer-ui\\dist\\js\\webpack:\\src\\views\\Applications.vue?dd28": {"path":"C:\\Users\\s541910\\Projects\\Gdp-2\\intermangaer-ui\\dist\\js\\webpack:\\src\\views\\Applications.vue?dd28","statementMap":{"0":{"start":{"line":1,"column":342},"end":{"line":1,"column":null}}},"fnMap":{},"branchMap":{},"s":{"0":0},"f":{},"b":{}}
,"C:\\Users\\s541910\\Projects\\Gdp-2\\intermangaer-ui\\dist\\js\\webpack:\\src\\views\\Dashboard.vue": {"path":"C:\\Users\\s541910\\Projects\\Gdp-2\\intermangaer-ui\\dist\\js\\webpack:\\src\\views\\Dashboard.vue","statementMap":{"0":{"start":{"line":141,"column":0},"end":{"line":141,"column":null}},"1":{"start":{"line":141,"column":0},"end":{"line":321,"column":4}},"2":{"start":{"line":151,"column":4},"end":{"line":184,"column":6}},"3":{"start":{"line":189,"column":0},"end":{"line":189,"column":2}},"4":{"start":{"line":189,"column":0},"end":{"line":190,"column":null}},"5":{"start":{"line":189,"column":0},"end":{"line":191,"column":null}},"6":{"start":{"line":194,"column":0},"end":{"line":194,"column":2}},"7":{"start":{"line":195,"column":9},"end":{"line":208,"column":8}},"8":{"start":{"line":199,"column":8},"end":{"line":204,"column":8}},"9":{"start":{"line":207,"column":8},"end":{"line":208,"column":8}},"10":{"start":{"line":218,"column":0},"end":{"line":218,"column":4}},"11":{"start":{"line":218,"column":0},"end":{"line":235,"column":null}},"12":{"start":{"line":221,"column":0},"end":{"line":221,"column":null}},"13":{"start":{"line":222,"column":0},"end":{"line":228,"column":null}},"14":{"start":{"line":222,"column":0},"end":{"line":222,"column":null}},"15":{"start":{"line":224,"column":0},"end":{"line":228,"column":null}},"16":{"start":{"line":224,"column":0},"end":{"line":224,"column":null}},"17":{"start":{"line":226,"column":0},"end":{"line":228,"column":null}},"18":{"start":{"line":235,"column":0},"end":{"line":235,"column":null}},"19":{"start":{"line":240,"column":0},"end":{"line":240,"column":4}},"20":{"start":{"line":240,"column":0},"end":{"line":248,"column":null}},"21":{"start":{"line":243,"column":0},"end":{"line":245,"column":null}},"22":{"start":{"line":248,"column":0},"end":{"line":248,"column":null}},"23":{"start":{"line":254,"column":6},"end":{"line":254,"column":null}},"24":{"start":{"line":257,"column":6},"end":{"line":257,"column":null}},"25":{"start":{"line":260,"column":6},"end":{"line":260,"column":null}},"26":{"start":{"line":263,"column":0},"end":{"line":263,"column":4}},"27":{"start":{"line":265,"column":0},"end":{"line":263,"column":4}},"28":{"start":{"line":263,"column":0},"end":{"line":277,"column":null}},"29":{"start":{"line":274,"column":0},"end":{"line":274,"column":null}},"30":{"start":{"line":277,"column":0},"end":{"line":277,"column":null}},"31":{"start":{"line":279,"column":0},"end":{"line":280,"column":null}},"32":{"start":{"line":284,"column":0},"end":{"line":284,"column":4}},"33":{"start":{"line":284,"column":0},"end":{"line":292,"column":null}},"34":{"start":{"line":289,"column":0},"end":{"line":289,"column":null}},"35":{"start":{"line":292,"column":0},"end":{"line":292,"column":null}},"36":{"start":{"line":295,"column":0},"end":{"line":295,"column":null}},"37":{"start":{"line":298,"column":0},"end":{"line":298,"column":4}},"38":{"start":{"line":298,"column":0},"end":{"line":305,"column":null}},"39":{"start":{"line":302,"column":0},"end":{"line":302,"column":null}},"40":{"start":{"line":305,"column":0},"end":{"line":305,"column":null}},"41":{"start":{"line":307,"column":0},"end":{"line":307,"column":null}},"42":{"start":{"line":310,"column":0},"end":{"line":310,"column":4}},"43":{"start":{"line":310,"column":0},"end":{"line":317,"column":null}},"44":{"start":{"line":314,"column":0},"end":{"line":314,"column":null}},"45":{"start":{"line":317,"column":0},"end":{"line":317,"column":null}},"46":{"start":{"line":321,"column":0},"end":{"line":321,"column":4}},"47":{"start":{"line":321,"column":0},"end":{"line":322,"column":null}},"48":{"start":{"line":321,"column":0},"end":{"line":323,"column":null}},"49":{"start":{"line":321,"column":0},"end":{"line":337,"column":null}},"50":{"start":{"line":328,"column":0},"end":{"line":330,"column":null}},"51":{"start":{"line":332,"column":0},"end":{"line":333,"column":null}},"52":{"start":{"line":336,"column":0},"end":{"line":337,"column":null}}},"fnMap":{"0":{"name":"(anonymous_112)","decl":{"start":{"line":141,"column":0},"end":{"line":141,"column":null}},"loc":{"start":{"line":141,"column":0},"end":{"line":184,"column":6}}},"1":{"name":"e","decl":{"start":{"line":189,"column":0},"end":{"line":189,"column":2}},"loc":{"start":{"line":189,"column":0},"end":{"line":189,"column":2}}},"2":{"name":"(anonymous_117)","decl":{"start":{"line":198,"column":0},"end":{"line":198,"column":null}},"loc":{"start":{"line":198,"column":0},"end":{"line":204,"column":8}}},"3":{"name":"(anonymous_118)","decl":{"start":{"line":206,"column":0},"end":{"line":206,"column":null}},"loc":{"start":{"line":206,"column":0},"end":{"line":208,"column":8}}},"4":{"name":"(anonymous_119)","decl":{"start":{"line":217,"column":0},"end":{"line":217,"column":2}},"loc":{"start":{"line":217,"column":0},"end":{"line":218,"column":4}}},"5":{"name":"e","decl":{"start":{"line":218,"column":0},"end":{"line":218,"column":4}},"loc":{"start":{"line":218,"column":0},"end":{"line":218,"column":4}}},"6":{"name":"(anonymous_122)","decl":{"start":{"line":220,"column":0},"end":{"line":220,"column":null}},"loc":{"start":{"line":220,"column":0},"end":{"line":228,"column":null}}},"7":{"name":"(anonymous_123)","decl":{"start":{"line":234,"column":0},"end":{"line":234,"column":null}},"loc":{"start":{"line":234,"column":0},"end":{"line":235,"column":null}}},"8":{"name":"e","decl":{"start":{"line":240,"column":0},"end":{"line":240,"column":4}},"loc":{"start":{"line":240,"column":0},"end":{"line":240,"column":4}}},"9":{"name":"(anonymous_127)","decl":{"start":{"line":242,"column":0},"end":{"line":242,"column":null}},"loc":{"start":{"line":242,"column":0},"end":{"line":245,"column":null}}},"10":{"name":"(anonymous_128)","decl":{"start":{"line":247,"column":0},"end":{"line":247,"column":null}},"loc":{"start":{"line":247,"column":0},"end":{"line":248,"column":null}}},"11":{"name":"e","decl":{"start":{"line":263,"column":0},"end":{"line":263,"column":4}},"loc":{"start":{"line":263,"column":0},"end":{"line":263,"column":4}}},"12":{"name":"(anonymous_135)","decl":{"start":{"line":273,"column":0},"end":{"line":273,"column":null}},"loc":{"start":{"line":273,"column":0},"end":{"line":274,"column":null}}},"13":{"name":"(anonymous_136)","decl":{"start":{"line":276,"column":0},"end":{"line":276,"column":null}},"loc":{"start":{"line":276,"column":0},"end":{"line":277,"column":null}}},"14":{"name":"e","decl":{"start":{"line":284,"column":0},"end":{"line":284,"column":4}},"loc":{"start":{"line":284,"column":0},"end":{"line":284,"column":4}}},"15":{"name":"(anonymous_140)","decl":{"start":{"line":288,"column":0},"end":{"line":288,"column":null}},"loc":{"start":{"line":288,"column":0},"end":{"line":289,"column":null}}},"16":{"name":"(anonymous_141)","decl":{"start":{"line":291,"column":0},"end":{"line":291,"column":null}},"loc":{"start":{"line":291,"column":0},"end":{"line":292,"column":null}}},"17":{"name":"e","decl":{"start":{"line":298,"column":0},"end":{"line":298,"column":4}},"loc":{"start":{"line":298,"column":0},"end":{"line":298,"column":4}}},"18":{"name":"(anonymous_145)","decl":{"start":{"line":301,"column":0},"end":{"line":301,"column":null}},"loc":{"start":{"line":301,"column":0},"end":{"line":302,"column":null}}},"19":{"name":"(anonymous_146)","decl":{"start":{"line":304,"column":0},"end":{"line":304,"column":null}},"loc":{"start":{"line":304,"column":0},"end":{"line":305,"column":null}}},"20":{"name":"e","decl":{"start":{"line":310,"column":0},"end":{"line":310,"column":4}},"loc":
[...]
,"column":0},"end":{"line":797,"column":null}},"loc":{"start":{"line":797,"column":0},"end":{"line":817,"column":null}}},"14":{"name":"(anonymous_23)","decl":{"start":{"line":812,"column":0},"end":{"line":812,"column":null}},"loc":{"start":{"line":812,"column":0},"end":{"line":816,"column":null}}},"15":{"name":"save","decl":{"start":{"line":819,"column":0},"end":{"line":819,"column":null}},"loc":{"start":{"line":819,"column":0},"end":{"line":911,"column":null}}},"16":{"name":"(anonymous_27)","decl":{"start":{"line":857,"column":0},"end":{"line":857,"column":null}},"loc":{"start":{"line":857,"column":0},"end":{"line":869,"column":null}}},"17":{"name":"(anonymous_28)","decl":{"start":{"line":869,"column":0},"end":{"line":869,"column":null}},"loc":{"start":{"line":869,"column":0},"end":{"line":872,"column":null}}},"18":{"name":"enable","decl":{"start":{"line":913,"column":0},"end":{"line":913,"column":null}},"loc":{"start":{"line":913,"column":0},"end":{"line":915,"column":null}}}},"branchMap":{"0":{"loc":{"start":{"line":674,"column":0},"end":{"line":674,"column":null}},"type":"switch","locations":[{"start":{"line":674,"column":0},"end":{"line":674,"column":null}},{"start":{"line":674,"column":0},"end":{"line":679,"column":null}},{"start":{"line":674,"column":0},"end":{"line":674,"column":null}},{"start":{"line":674,"column":0},"end":{"line":674,"column":null}}]},"1":{"loc":{"start":{"line":677,"column":0},"end":{"line":679,"column":null}},"type":"if","locations":[{"start":{"line":677,"column":0},"end":{"line":679,"column":null}}]},"2":{"loc":{"start":{"line":692,"column":0},"end":{"line":706,"column":null}},"type":"if","locations":[{"start":{"line":692,"column":0},"end":{"line":706,"column":null}}]},"3":{"loc":{"start":{"line":729,"column":0},"end":{"line":769,"column":null}},"type":"if","locations":[{"start":{"line":729,"column":0},"end":{"line":769,"column":null}},{"start":{"line":767,"column":0},"end":{"line":769,"column":null}}]},"4":{"loc":{"start":{"line":730,"column":0},"end":{"line":766,"column":null}},"type":"if","locations":[{"start":{"line":730,"column":0},"end":{"line":766,"column":null}},{"start":{"line":764,"column":0},"end":{"line":766,"column":null}}]},"5":{"loc":{"start":{"line":776,"column":0},"end":{"line":776,"column":null}},"type":"cond-expr","locations":[{"start":{"line":776,"column":0},"end":{"line":776,"column":null}},{"start":{"line":776,"column":0},"end":{"line":776,"column":null}}]},"6":{"loc":{"start":{"line":781,"column":0},"end":{"line":781,"column":null}},"type":"switch","locations":[{"start":{"line":781,"column":0},"end":{"line":793,"column":null}},{"start":{"line":781,"column":0},"end":{"line":781,"column":null}},{"start":{"line":781,"column":0},"end":{"line":781,"column":null}}]},"7":{"loc":{"start":{"line":786,"column":0},"end":{"line":789,"column":null}},"type":"if","locations":[{"start":{"line":786,"column":0},"end":{"line":789,"column":null}}]},"8":{"loc":{"start":{"line":797,"column":0},"end":{"line":797,"column":null}},"type":"switch","locations":[{"start":{"line":797,"column":0},"end":{"line":816,"column":null}},{"start":{"line":797,"column":0},"end":{"line":797,"column":null}},{"start":{"line":797,"column":0},"end":{"line":797,"column":null}}]},"9":{"loc":{"start":{"line":804,"column":0},"end":{"line":811,"column":null}},"type":"if","locations":[{"start":{"line":804,"column":0},"end":{"line":811,"column":null}},{"start":{"line":806,"column":0},"end":{"line":811,"column":null}}]},"10":{"loc":{"start":{"line":819,"column":0},"end":{"line":819,"column":null}},"type":"switch","locations":[{"start":{"line":819,"column":0},"end":{"line":872,"column":null}},{"start":{"line":819,"column":0},"end":{"line":819,"column":null}},{"start":{"line":819,"column":0},"end":{"line":874,"column":null}},{"start":{"line":819,"column":0},"end":{"line":819,"column":null}},{"start":{"line":819,"column":0},"end":{"line":909,"column":null}},{"start":{"line":819,"column":0},"end":{"line":819,"column":null}},{"start":{"line":819,"column":0},"end":{"line":819,"column":null}}]},"11":{"loc":{"start":{"line":819,"column":0},"end":{"line":819,"column":null}},"type":"if","locations":[{"start":{"line":819,"column":0},"end":{"line":819,"column":null}}]},"12":{"loc":{"start":{"line":819,"column":0},"end":{"line":819,"column":null}},"type":"binary-expr","locations":[{"start":{"line":819,"column":0},"end":{"line":819,"column":null}},{"start":{"line":819,"column":0},"end":{"line":819,"column":null}},{"start":{"line":819,"column":0},"end":{"line":819,"column":null}},{"start":{"line":819,"column":0},"end":{"line":819,"column":null}},{"start":{"line":819,"column":0},"end":{"line":819,"column":null}},{"start":{"line":819,"column":0},"end":{"line":819,"column":null}},{"start":{"line":819,"column":0},"end":{"line":819,"column":null}},{"start":{"line":819,"column":0},"end":{"line":819,"column":null}},{"start":{"line":819,"column":0},"end":{"line":819,"column":null}},{"start":{"line":819,"column":0},"end":{"line":819,"column":null}},{"start":{"line":819,"column":0},"end":{"line":819,"column":null}}]},"13":{"loc":{"start":{"line":877,"column":0},"end":{"line":879,"column":null}},"type":"if","locations":[{"start":{"line":877,"column":0},"end":{"line":879,"column":null}}]},"14":{"loc":{"start":{"line":880,"column":0},"end":{"line":882,"column":null}},"type":"if","locations":[{"start":{"line":880,"column":0},"end":{"line":882,"column":null}}]},"15":{"loc":{"start":{"line":883,"column":0},"end":{"line":885,"column":null}},"type":"if","locations":[{"start":{"line":883,"column":0},"end":{"line":885,"column":null}}]},"16":{"loc":{"start":{"line":886,"column":0},"end":{"line":888,"column":null}},"type":"if","locations":[{"start":{"line":886,"column":0},"end":{"line":888,"column":null}}]},"17":{"loc":{"start":{"line":889,"column":0},"end":{"line":891,"column":null}},"type":"if","locations":[{"start":{"line":889,"column":0},"end":{"line":891,"column":null}}]},"18":{"loc":{"start":{"line":892,"column":0},"end":{"line":894,"column":null}},"type":"if","locations":[{"start":{"line":892,"column":0},"end":{"line":894,"column":null}}]},"19":{"loc":{"start":{"line":895,"column":0},"end":{"line":897,"column":null}},"type":"if","locations":[{"start":{"line":895,"column":0},"end":{"line":897,"column":null}}]},"20":{"loc":{"start":{"line":898,"column":0},"end":{"line":900,"column":null}},"type":"if","locations":[{"start":{"line":898,"column":0},"end":{"line":900,"column":null}}]},"21":{"loc":{"start":{"line":901,"column":0},"end":{"line":903,"column":null}},"type":"if","locations":[{"start":{"line":901,"column":0},"end":{"line":903,"column":null}}]},"22":{"loc":{"start":{"line":904,"column":0},"end":{"line":906,"column":null}},"type":"if","locations":[{"start":{"line":904,"column":0},"end":{"line":906,"column":null}}]},"23":{"loc":{"start":{"line":907,"column":0},"end":{"line":909,"column":null}},"type":"if","locations":[{"start":{"line":907,"column":0},"end":{"line":909,"column":null}}]},"24":{"loc":{"start":{"line":913,"column":0},"end":{"line":913,"column":null}},"type":"switch","locations":[{"start":{"line":913,"column":0},"end":{"line":914,"column":null}},{"start":{"line":913,"column":0},"end":{"line":913,"column":null}},{"start":{"line":913,"column":0},"end":{"line":913,"column":null}}]}},"s":{"0":0,"1":0,"2":0,"3":0,"4":0,"5":0,"6":0,"7":0,"8":0,"9":0,"10":0,"11":0,"12":0,"13":0,"14":0,"15":0,"16":0,"17":0,"18":0,"19":0,"20":0,"21":0,"22":0,"23":0,"24":0,"25":0,"26":0,"27":0,"28":0,"29":0,"30":0,"31":0,"32":0,"33":0,"34":0,"35":0,"36":0,"37":0,"38":0,"39":0,"40":0,"41":0,"42":0,"43":0,"44":0,"45":0,"46":0,"47":0,"48":0,"49":0,"50":0,"51":0,"52":0,"53":0,"54":0,"55":0,"56":0,"57":0,"58":0,"59":0,"60":0,"61":0,"62":0,"63":0,"64":0,"65":0,"66":0,"67":0,"68":0,"69":0,"70":0,"71":0,"72":0,"73":0,"74":0,"75":0,"76":0,"77":0,"78":0,"79":0,"80":0,"81":0,"82":0,"83":0,"84":0,"85":0,"86":0,"87":0,"88":0,"89":0,"90":0,"91":0,"92":0,"93":0,"94":0,"95":0,"96":0,"97":0,"98":0,"99":0,"100":0,"101":0,"102":0,"103":0,"104":0,"105":0,"106":0,"107":0,"108":0,"109":0,"110":0,"111":0,"112":0,"113":0,"114":0,"115":0,"116":0,"117":0,"118":0,"119":0,"120":0,"121":0,"122":0,"123":0,"124":0,"125":0,"126":0,"127":0,"128":0,"129":0,"130":0},"f":{"0":0,"1":0,"2":0,"3":0,"4":0,"5":0,"6":0,"7":0,"8":0,"9":0,"10":0,"11":0,"12":0,"13":0,"14":0,"15":0,"16":0,"17":0,"18":0},"b":{"0":[0,0,0,0],"1":[0],"2":[0],"3":[0,0],"4":[0,0],"5":[0,0],"6":[0,0,0],"7":[0],"8":[0,0,0],"9":[0,0],"10":[0,0,0,0,0,0,0],"11":[0],"12":[0,0,0,0,0,0,0,0,0,0,0],"13":[0],"14":[0],"15":[0],"16":[0],"17":[0],"18":[0],"19":[0],"20":[0],"21":[0],"22":[0],"23":[0],"24":[0,0,0]}}
,"C:\\Users\\s541910\\Projects\\Gdp-2\\intermangaer-ui\\src\\views\\Student\\UpdatePersonalInfo.vue": {"path":"C:\\Users\\s541910\\Projects\\Gdp-2\\intermangaer-ui\\src\\views\\Student\\UpdatePersonalInfo.vue","statementMap":{"0":{"start":{"line":246,"column":0},"end":{"line":246,"column":null}},"1":{"start":{"line":250,"column":0},"end":{"line":250,"column":null}},"2":{"start":{"line":511,"column":0},"end":{"line":511,"column":null}},"3":{"start":{"line":512,"column":0},"end":{"line":512,"column":null}},"4":{"start":{"line":513,"column":0},"end":{"line":513,"column":null}},"5":{"start":{"line":528,"column":0},"end":{"line":528,"column":null}},"6":{"start":{"line":531,"column":0},"end":{"line":531,"column":null}},"7":{"start":{"line":536,"column":0},"end":{"line":536,"column":null}},"8":{"start":{"line":537,"column":0},"end":{"line":537,"column":null}},"9":{"start":{"line":536,"column":0},"end":{"line":549,"column":null}},"10":{"start":{"line":540,"column":0},"end":{"line":545,"column":null}},"11":{"start":{"line":541,"column":0},"end":{"line":541,"column":null}},"12":{"start":{"line":542,"column":0},"end":{"line":542,"column":null}},"13":{"start":{"line":544,"column":0},"end":{"line":544,"column":null}},"14":{"start":{"line":548,"column":0},"end":{"line":548,"column":null}},"15":{"start":{"line":553,"column":0},"end":{"line":553,"column":null}},"16":{"start":{"line":554,"column":0},"end":{"line":554,"column":null}},"17":{"start":{"line":557,"column":0},"end":{"line":557,"column":null}},"18":{"start":{"line":557,"column":0},"end":{"line":571,"column":null}},"19":{"start":{"line":561,"column":0},"end":{"line":561,"column":null}},"20":{"start":{"line":566,"column":0},"end":{"line":566,"column":null}},"21":{"start":{"line":567,"column":0},"end":{"line":567,"column":null}},"22":{"start":{"line":570,"column":0},"end":{"line":570,"column":null}},"23":{"start":{"line":574,"column":0},"end":{"line":574,"column":null}},"24":{"start":{"line":574,"column":0},"end":{"line":587,"column":null}},"25":{"start":{"line":577,"column":0},"end":{"line":583,"column":null}},"26":{"start":{"line":577,"column":0},"end":{"line":577,"column":null}},"27":{"start":{"line":578,"column":0},"end":{"line":578,"column":null}},"28":{"start":{"line":582,"column":0},"end":{"line":582,"column":null}},"29":{"start":{"line":586,"column":0},"end":{"line":586,"column":null}},"30":{"start":{"line":591,"column":0},"end":{"line":591,"column":null}},"31":{"start":{"line":592,"column":0},"end":{"line":592,"column":null}},"32":{"start":{"line":593,"column":0},"end":{"line":593,"column":null}},"33":{"start":{"line":594,"column":0},"end":{"line":594,"column":null}},"34":{"start":{"line":595,"column":0},"end":{"line":595,"column":null}},"35":{"start":{"line":596,"column":0},"end":{"line":636,"column":null}},"36":{"start":{"line":604,"column":0},"end":{"line":616,"column":null}},"37":{"start":{"line":607,"column":0},"end":{"line":607,"column":null}},"38":{"start":{"line":612,"column":0},"end":{"line":612,"column":null}},"39":{"start":{"line":615,"column":0},"end":{"line":615,"column":null}},"40":{"start":{"line":618,"column":0},"end":{"line":620,"column":null}},"41":{"start":{"line":619,"column":0},"end":{"line":619,"column":null}},"42":{"start":{"line":621,"column":0},"end":{"line":623,"column":null}},"43":{"start":{"line":622,"column":0},"end":{"line":622,"column":null}},"44":{"start":{"line":624,"column":0},"end":{"line":626,"column":null}},"45":{"start":{"line":625,"column":0},"end":{"line":625,"column":null}},"46":{"start":{"line":627,"column":0},"end":{"line":629,"column":null}},"47":{"start":{"line":628,"column":0},"end":{"line":628,"column":null}},"48":{"start":{"line":630,"column":0},"end":{"line":632,"column":null}},"49":{"start":{"line":631,"column":0},"end":{"line":631,"column":null}},"50":{"start":{"line":633,"column":0},"end":{"line":635,"column":null}},"51":{"start":{"line":634,"column":0},"end":{"line":634,"column":null}}},"fnMap":{"0":{"name":"data","decl":{"start":{"line":249,"column":0},"end":{"line":249,"column":null}},"loc":{"start":{"line":249,"column":0},"end":{"line":510,"column":null}}},"1":{"name":"mounted","decl":{"start":{"line":511,"column":0},"end":{"line":511,"column":null}},"loc":{"start":{"line":511,"column":0},"end":{"line":516,"column":null}}},"2":{"name":"acceptNumber","decl":{"start":{"line":527,"column":0},"end":{"line":527,"column":null}},"loc":{"start":{"line":527,"column":0},"end":{"line":534,"column":null}}},"3":{"name":"getApplicationDetails","decl":{"start":{"line":536,"column":0},"end":{"line":536,"column":null}},"loc":{"start":{"line":536,"column":0},"end":{"line":551,"column":null}}},"4":{"name":"(anonymous_10)","decl":{"start":{"line":546,"column":0},"end":{"line":546,"column":null}},"loc":{"start":{"line":546,"column":0},"end":{"line":549,"column":null}}},"5":{"name":"enable","decl":{"start":{"line":553,"column":0},"end":{"line":553,"column":null}},"loc":{"start":{"line":553,"column":0},"end":{"line":555,"column":null}}},"6":{"name":"edit","decl":{"start":{"line":557,"column":0},"end":{"line":557,"column":null}},"loc":{"start":{"line":557,"column":0},"end":{"line":572,"column":null}}},"7":{"name":"(anonymous_18)","decl":{"start":{"line":568,"column":0},"end":{"line":568,"column":null}},"loc":{"start":{"line":568,"column":0},"end":{"line":571,"column":null}}},"8":{"name":"getMajorsData","decl":{"start":{"line":574,"column":0},"end":{"line":574,"column":null}},"loc":{"start":{"line":574,"column":0},"end":{"line":589,"column":null}}},"9":{"name":"(anonymous_23)","decl":{"start":{"line":584,"column":0},"end":{"line":584,"column":null}},"loc":{"start":{"line":584,"column":0},"end":{"line":587,"column":null}}},"10":{"name":"save","decl":{"start":{"line":591,"column":0},"end":{"line":591,"column":null}},"loc":{"start":{"line":591,"column":0},"end":{"line":637,"column":null}}},"11":{"name":"(anonymous_27)","decl":{"start":{"line":604,"column":0},"end":{"line":604,"column":null}},"loc":{"start":{"line":604,"column":0},"end":{"line":613,"column":null}}},"12":{"name":"(anonymous_28)","decl":{"start":{"line":613,"column":0},"end":{"line":613,"column":null}},"loc":{"start":{"line":613,"column":0},"end":{"line":616,"column":null}}}},"branchMap":{"0":{"loc":{"start":{"line":511,"column":0},"end":{"line":511,"column":null}},"type":"switch","locations":[{"start":{"line":511,"column":0},"end":{"line":511,"column":null}},{"start":{"line":511,"column":0},"end":{"line":511,"column":null}},{"start":{"line":511,"column":0},"end":{"line":511,"column":null}},{"start":{"line":511,"column":0},"end":{"line":511,"column":null}}]},"1":{"loc":{"start":{"line":531,"column":0},"end":{"line":531,"column":null}},"type":"cond-expr","locations":[{"start":{"line":531,"column":0},"end":{"line":531,"column":null}},{"start":{"line":531,"column":0},"end":{"line":531,"column":null}}]},"2":{"loc":{"start":{"line":536,"column":0},"end":{"line":536,"column":null}},"type":"switch","locations":[{"start":{"line":536,"column":0},"end":{"line":549,"column":null}},{"start":{"line":536,"column":0},"end":{"line":536,"column":null}},{"start":{"line":536,"column":0},"end":{"line":536,"column":null}}]},"3":{"loc":{"start":{"line":540,"column":0},"end":{"line":545,"column":null}},"type":"if","locations":[{"start":{"line":540,"column":0},"end":{"line":545,"column":null}},{"start":{"line":543,"column":0},"end":{"line":545,"column":null}}]},"4":{"loc":{"start":{"line":553,"column":0},"end":{"line":553,"column":null}},"type":"switch","locations":[{"start":{"line":553,"column":0},"end":{"line":554,"column":null}},{"start":{"line":553,"column":0},"end":{"line":553,"column":null}},{"start":{"line":553,"column":0},"end":{"line":553,"column":null}}]},"5":{"loc":{"start":{"line":557,"column":0},"end":{"line":557,"column":null}},"type":"switch","locations":[{"start":{"line":557,"column":0},"end":{"line":571,"column":null}},{"start":{"line":557,"column":0},"end":{"line":557,"column":null}},{"start":{"line":557,"column":0},"end":{"line":557,"column":null}}]},"6":{"loc":{"start":{"line":574,"column":0},"end":{"line":574,"column":null}},"type":"switch","locations":[{"start":{"line":574,"column":0},"end":{"line":587,"column":null}},{"start":{"line":574,"column":0},"end":{"line":574,"column":null}},{"start":{"line":574,"column":0},"end":{"line":574,"column":null}}]},"7":{"loc":{"start":{"line":591,"column":0},"end":{"line":591,"column":null}},"type":"switch","locations":[{"start":{"line":591,"column":0},"end":{"line":636,"column":null}},{"start":{"line":591,"column":0},"end":{"line":591,"column":null}},{"start":{"line":591,"column":0},"end":{"line":591,"column":null}}]},"8":{"loc":{"start":{"line":596,"column":0},"end":{"line":636,"column":null}},"type":"if","locations":[{"start":{"line":596,"column":0},"end":{"line":636,"column":null}},{"start":{"line":617,"column":0},"end":{"line":636,"column":null}}]},"9":{"loc":{"start":{"line":596,"column":0},"end":{"line":596,"column":null}},"type":"binary-expr","locations":[{"start":{"line":596,"column":0},"end":{"line":596,"column":null}},{"start":{"line":596,"column":0},"end":{"line":596,"column":null}},{"start":{"line":596,"column":0},"end":{"line":596,"column":null}},{"start":{"line":596,"column":0},"end":{"line":596,"column":null}},{"start":{"line":596,"column":0},"end":{"line":596,"column":null}},{"start":{"line":596,"column":0},"end":{"line":596,"column":null}}]},"10":{"loc":{"start":{"line":618,"column":0},"end":{"line":620,"column":null}},"type":"if","locations":[{"start":{"line":618,"column":0},"end":{"line":620,"column":null}}]},"11":{"loc":{"start":{"line":618,"column":0},"end":{"line":618,"column":null}},"type":"binary-expr","locations":[{"start":{"line":618,"column":0},"end":{"line":618,"column":null}},{"start":{"line":618,"column":0},"end":{"line":618,"column":null}}]},"12":{"loc":{"start":{"line":621,"column":0},"end":{"line":623,"column":null}},"type":"if","locations":[{"start":{"line":621,"column":0},"end":{"line":623,"column":null}}]},"13":{"loc":{"start":{"line":624,"column":0},"end":{"line":626,"column":null}},"type":"if","locations":[{"start":{"line":624,"column":0},"end":{"line":626,"column":null}}]},"14":{"loc":{"start":{"line":627,"column":0},"end":{"line":629,"column":null}},"type":"if","locations":[{"start":{"line":627,"column":0},"end":{"line":629,"column":null}}]},"15":{"loc":{"start":{"line":630,"column":0},"end":{"line":632,"column":null}},"type":"if","locations":[{"start":{"line":630,"column":0},"end":{"line":632,"column":null}}]},"16":{"loc":{"start":{"line":633,"column":0},"end":{"line":635,"column":null}},"type":"if","locations":[{"start":{"line":633,"column":0},"end":{"line":635,"column":null}}]}},"s":{"0":0,"1":0,"2":0,"3":0,"4":0,"5":0,"6":0,"7":0,"8":0,"9":0,"10":0,"11":0,"12":0,"13":0,"14":0,"15":0,"16":0,"17":0,"18":0,"19":0,"20":0,"21":0,"22":0,"23":0,"24":0,"25":0,"26":0,"27":0,"28":0,"29":0,"30":0,"31":0,"32":0,"33":0,"34":0,"35":0,"36":0,"37":0,"38":0,"39":0,"40":0,"41":0,"42":0,"43":0,"44":0,"45":0,"46":0,"47":0,"48":0,"49":0,"50":0,"51":0},"f":{"0":0,"1":0,"2":0,"3":0,"4":0,"5":0,"6":0,"7":0,"8":0,"9":0,"10":0,"11":0,"12":0},"b":{"0":[0,0,0,0],"1":[0,0],"2":[0,0,0],"3":[0,0],"4":[0,0,0],"5":[0,0,0],"6":[0,0,0],"7":[0,0,0],"8":[0,0],"9":[0,0,0,0,0,0],"10":[0],"11":[0,0],"12":[0],"13":[0],"14":[0],"15":[0],"16":[0]}}
}
